[2023-03-01 19:22:48,484] {processor.py:153} INFO - Started process (PID=205) to work on /opt/airflow/dags/get_price_dag.py
[2023-03-01 19:22:48,485] {processor.py:641} INFO - Processing file /opt/airflow/dags/get_price_dag.py for tasks to queue
[2023-03-01 19:22:48,485] {logging_mixin.py:115} INFO - [2023-03-01 19:22:48,485] {dagbag.py:507} INFO - Filling up the DagBag from /opt/airflow/dags/get_price_dag.py
[2023-03-01 19:22:48,497] {logging_mixin.py:115} INFO - [2023-03-01 19:22:48,495] {dagbag.py:320} ERROR - Failed to import: /opt/airflow/dags/get_price_dag.py
Traceback (most recent call last):
  File "/home/airflow/.local/lib/python3.7/site-packages/airflow/models/dagbag.py", line 317, in parse
    loader.exec_module(new_module)
  File "<frozen importlib._bootstrap_external>", line 728, in exec_module
  File "<frozen importlib._bootstrap>", line 219, in _call_with_frames_removed
  File "/opt/airflow/dags/get_price_dag.py", line 7, in <module>
    from scripts.get_price import *
  File "/opt/airflow/dags/scripts/get_price.py", line 2, in <module>
    from scripts.utils.helper import *
  File "/opt/airflow/dags/scripts/utils/helper.py", line 4, in <module>
    import pymysql
ModuleNotFoundError: No module named 'pymysql'
[2023-03-01 19:22:48,497] {processor.py:653} WARNING - No viable dags retrieved from /opt/airflow/dags/get_price_dag.py
[2023-03-01 19:22:48,527] {processor.py:161} INFO - Processing /opt/airflow/dags/get_price_dag.py took 0.049 seconds
[2023-03-01 19:23:18,725] {processor.py:153} INFO - Started process (PID=232) to work on /opt/airflow/dags/get_price_dag.py
[2023-03-01 19:23:18,726] {processor.py:641} INFO - Processing file /opt/airflow/dags/get_price_dag.py for tasks to queue
[2023-03-01 19:23:18,726] {logging_mixin.py:115} INFO - [2023-03-01 19:23:18,726] {dagbag.py:507} INFO - Filling up the DagBag from /opt/airflow/dags/get_price_dag.py
[2023-03-01 19:23:18,731] {logging_mixin.py:115} INFO - [2023-03-01 19:23:18,730] {dagbag.py:320} ERROR - Failed to import: /opt/airflow/dags/get_price_dag.py
Traceback (most recent call last):
  File "/home/airflow/.local/lib/python3.7/site-packages/airflow/models/dagbag.py", line 317, in parse
    loader.exec_module(new_module)
  File "<frozen importlib._bootstrap_external>", line 728, in exec_module
  File "<frozen importlib._bootstrap>", line 219, in _call_with_frames_removed
  File "/opt/airflow/dags/get_price_dag.py", line 7, in <module>
    from scripts.get_price import *
  File "/opt/airflow/dags/scripts/get_price.py", line 2, in <module>
    from scripts.utils.helper import *
  File "/opt/airflow/dags/scripts/utils/helper.py", line 4, in <module>
    import pymysql
ModuleNotFoundError: No module named 'pymysql'
[2023-03-01 19:23:18,731] {processor.py:653} WARNING - No viable dags retrieved from /opt/airflow/dags/get_price_dag.py
[2023-03-01 19:23:18,744] {processor.py:161} INFO - Processing /opt/airflow/dags/get_price_dag.py took 0.021 seconds
[2023-03-01 19:23:48,889] {processor.py:153} INFO - Started process (PID=255) to work on /opt/airflow/dags/get_price_dag.py
[2023-03-01 19:23:48,890] {processor.py:641} INFO - Processing file /opt/airflow/dags/get_price_dag.py for tasks to queue
[2023-03-01 19:23:48,890] {logging_mixin.py:115} INFO - [2023-03-01 19:23:48,890] {dagbag.py:507} INFO - Filling up the DagBag from /opt/airflow/dags/get_price_dag.py
[2023-03-01 19:23:48,897] {logging_mixin.py:115} INFO - [2023-03-01 19:23:48,896] {dagbag.py:320} ERROR - Failed to import: /opt/airflow/dags/get_price_dag.py
Traceback (most recent call last):
  File "/home/airflow/.local/lib/python3.7/site-packages/airflow/models/dagbag.py", line 317, in parse
    loader.exec_module(new_module)
  File "<frozen importlib._bootstrap_external>", line 728, in exec_module
  File "<frozen importlib._bootstrap>", line 219, in _call_with_frames_removed
  File "/opt/airflow/dags/get_price_dag.py", line 7, in <module>
    from scripts.get_price import *
  File "/opt/airflow/dags/scripts/get_price.py", line 2, in <module>
    from scripts.utils.helper import *
  File "/opt/airflow/dags/scripts/utils/helper.py", line 4, in <module>
    import pymysql
ModuleNotFoundError: No module named 'pymysql'
[2023-03-01 19:23:48,898] {processor.py:653} WARNING - No viable dags retrieved from /opt/airflow/dags/get_price_dag.py
[2023-03-01 19:23:48,913] {processor.py:161} INFO - Processing /opt/airflow/dags/get_price_dag.py took 0.026 seconds
[2023-03-01 19:24:19,071] {processor.py:153} INFO - Started process (PID=280) to work on /opt/airflow/dags/get_price_dag.py
[2023-03-01 19:24:19,072] {processor.py:641} INFO - Processing file /opt/airflow/dags/get_price_dag.py for tasks to queue
[2023-03-01 19:24:19,072] {logging_mixin.py:115} INFO - [2023-03-01 19:24:19,072] {dagbag.py:507} INFO - Filling up the DagBag from /opt/airflow/dags/get_price_dag.py
[2023-03-01 19:24:19,077] {logging_mixin.py:115} INFO - [2023-03-01 19:24:19,076] {dagbag.py:320} ERROR - Failed to import: /opt/airflow/dags/get_price_dag.py
Traceback (most recent call last):
  File "/home/airflow/.local/lib/python3.7/site-packages/airflow/models/dagbag.py", line 317, in parse
    loader.exec_module(new_module)
  File "<frozen importlib._bootstrap_external>", line 728, in exec_module
  File "<frozen importlib._bootstrap>", line 219, in _call_with_frames_removed
  File "/opt/airflow/dags/get_price_dag.py", line 7, in <module>
    from scripts.get_price import *
  File "/opt/airflow/dags/scripts/get_price.py", line 2, in <module>
    from scripts.utils.helper import *
  File "/opt/airflow/dags/scripts/utils/helper.py", line 4, in <module>
    import pymysql
ModuleNotFoundError: No module named 'pymysql'
[2023-03-01 19:24:19,077] {processor.py:653} WARNING - No viable dags retrieved from /opt/airflow/dags/get_price_dag.py
[2023-03-01 19:24:19,091] {processor.py:161} INFO - Processing /opt/airflow/dags/get_price_dag.py took 0.023 seconds
[2023-03-01 19:24:49,251] {processor.py:153} INFO - Started process (PID=320) to work on /opt/airflow/dags/get_price_dag.py
[2023-03-01 19:24:49,251] {processor.py:641} INFO - Processing file /opt/airflow/dags/get_price_dag.py for tasks to queue
[2023-03-01 19:24:49,252] {logging_mixin.py:115} INFO - [2023-03-01 19:24:49,251] {dagbag.py:507} INFO - Filling up the DagBag from /opt/airflow/dags/get_price_dag.py
[2023-03-01 19:24:49,256] {logging_mixin.py:115} INFO - [2023-03-01 19:24:49,256] {dagbag.py:320} ERROR - Failed to import: /opt/airflow/dags/get_price_dag.py
Traceback (most recent call last):
  File "/home/airflow/.local/lib/python3.7/site-packages/airflow/models/dagbag.py", line 317, in parse
    loader.exec_module(new_module)
  File "<frozen importlib._bootstrap_external>", line 728, in exec_module
  File "<frozen importlib._bootstrap>", line 219, in _call_with_frames_removed
  File "/opt/airflow/dags/get_price_dag.py", line 7, in <module>
    from scripts.get_price import *
  File "/opt/airflow/dags/scripts/get_price.py", line 2, in <module>
    from scripts.utils.helper import *
  File "/opt/airflow/dags/scripts/utils/helper.py", line 4, in <module>
    import pymysql
ModuleNotFoundError: No module named 'pymysql'
[2023-03-01 19:24:49,257] {processor.py:653} WARNING - No viable dags retrieved from /opt/airflow/dags/get_price_dag.py
[2023-03-01 19:24:49,272] {processor.py:161} INFO - Processing /opt/airflow/dags/get_price_dag.py took 0.023 seconds
[2023-03-01 19:25:19,517] {processor.py:153} INFO - Started process (PID=345) to work on /opt/airflow/dags/get_price_dag.py
[2023-03-01 19:25:19,517] {processor.py:641} INFO - Processing file /opt/airflow/dags/get_price_dag.py for tasks to queue
[2023-03-01 19:25:19,518] {logging_mixin.py:115} INFO - [2023-03-01 19:25:19,518] {dagbag.py:507} INFO - Filling up the DagBag from /opt/airflow/dags/get_price_dag.py
[2023-03-01 19:25:19,523] {logging_mixin.py:115} INFO - [2023-03-01 19:25:19,523] {dagbag.py:320} ERROR - Failed to import: /opt/airflow/dags/get_price_dag.py
Traceback (most recent call last):
  File "/home/airflow/.local/lib/python3.7/site-packages/airflow/models/dagbag.py", line 317, in parse
    loader.exec_module(new_module)
  File "<frozen importlib._bootstrap_external>", line 728, in exec_module
  File "<frozen importlib._bootstrap>", line 219, in _call_with_frames_removed
  File "/opt/airflow/dags/get_price_dag.py", line 7, in <module>
    from scripts.get_price import *
  File "/opt/airflow/dags/scripts/get_price.py", line 2, in <module>
    from scripts.utils.helper import *
  File "/opt/airflow/dags/scripts/utils/helper.py", line 4, in <module>
    import pymysql
ModuleNotFoundError: No module named 'pymysql'
[2023-03-01 19:25:19,524] {processor.py:653} WARNING - No viable dags retrieved from /opt/airflow/dags/get_price_dag.py
[2023-03-01 19:25:19,542] {processor.py:161} INFO - Processing /opt/airflow/dags/get_price_dag.py took 0.027 seconds
[2023-03-01 19:25:49,729] {processor.py:153} INFO - Started process (PID=389) to work on /opt/airflow/dags/get_price_dag.py
[2023-03-01 19:25:49,729] {processor.py:641} INFO - Processing file /opt/airflow/dags/get_price_dag.py for tasks to queue
[2023-03-01 19:25:49,730] {logging_mixin.py:115} INFO - [2023-03-01 19:25:49,730] {dagbag.py:507} INFO - Filling up the DagBag from /opt/airflow/dags/get_price_dag.py
[2023-03-01 19:25:49,736] {logging_mixin.py:115} INFO - [2023-03-01 19:25:49,736] {dagbag.py:320} ERROR - Failed to import: /opt/airflow/dags/get_price_dag.py
Traceback (most recent call last):
  File "/home/airflow/.local/lib/python3.7/site-packages/airflow/models/dagbag.py", line 317, in parse
    loader.exec_module(new_module)
  File "<frozen importlib._bootstrap_external>", line 728, in exec_module
  File "<frozen importlib._bootstrap>", line 219, in _call_with_frames_removed
  File "/opt/airflow/dags/get_price_dag.py", line 7, in <module>
    from scripts.get_price import *
  File "/opt/airflow/dags/scripts/get_price.py", line 2, in <module>
    from scripts.utils.helper import *
  File "/opt/airflow/dags/scripts/utils/helper.py", line 4, in <module>
    import pymysql
ModuleNotFoundError: No module named 'pymysql'
[2023-03-01 19:25:49,737] {processor.py:653} WARNING - No viable dags retrieved from /opt/airflow/dags/get_price_dag.py
[2023-03-01 19:25:49,754] {processor.py:161} INFO - Processing /opt/airflow/dags/get_price_dag.py took 0.027 seconds
[2023-03-01 19:26:20,726] {processor.py:153} INFO - Started process (PID=426) to work on /opt/airflow/dags/get_price_dag.py
[2023-03-01 19:26:20,727] {processor.py:641} INFO - Processing file /opt/airflow/dags/get_price_dag.py for tasks to queue
[2023-03-01 19:26:20,727] {logging_mixin.py:115} INFO - [2023-03-01 19:26:20,727] {dagbag.py:507} INFO - Filling up the DagBag from /opt/airflow/dags/get_price_dag.py
[2023-03-01 19:26:21,045] {processor.py:651} INFO - DAG(s) dict_keys(['get_price_board']) retrieved from /opt/airflow/dags/get_price_dag.py
[2023-03-01 19:26:21,105] {logging_mixin.py:115} INFO - [2023-03-01 19:26:21,105] {manager.py:508} INFO - Created Permission View: can edit on DAG:get_price_board
[2023-03-01 19:26:21,114] {logging_mixin.py:115} INFO - [2023-03-01 19:26:21,114] {manager.py:508} INFO - Created Permission View: can delete on DAG:get_price_board
[2023-03-01 19:26:21,120] {logging_mixin.py:115} INFO - [2023-03-01 19:26:21,120] {manager.py:508} INFO - Created Permission View: can read on DAG:get_price_board
[2023-03-01 19:26:21,121] {logging_mixin.py:115} INFO - [2023-03-01 19:26:21,121] {dag.py:2371} INFO - Sync 1 DAGs
[2023-03-01 19:26:21,128] {logging_mixin.py:115} INFO - [2023-03-01 19:26:21,128] {dag.py:2390} INFO - Creating ORM DAG for get_price_board
[2023-03-01 19:26:21,141] {logging_mixin.py:115} INFO - [2023-03-01 19:26:21,141] {dag.py:2919} INFO - Setting next_dagrun for get_price_board to 2023-02-23T09:00:00+00:00, run_after=2023-02-24T09:00:00+00:00
[2023-03-01 19:26:21,152] {processor.py:161} INFO - Processing /opt/airflow/dags/get_price_dag.py took 0.427 seconds
[2023-03-01 19:26:52,090] {processor.py:153} INFO - Started process (PID=459) to work on /opt/airflow/dags/get_price_dag.py
[2023-03-01 19:26:52,090] {processor.py:641} INFO - Processing file /opt/airflow/dags/get_price_dag.py for tasks to queue
[2023-03-01 19:26:52,091] {logging_mixin.py:115} INFO - [2023-03-01 19:26:52,091] {dagbag.py:507} INFO - Filling up the DagBag from /opt/airflow/dags/get_price_dag.py
[2023-03-01 19:26:52,404] {processor.py:651} INFO - DAG(s) dict_keys(['get_price_board']) retrieved from /opt/airflow/dags/get_price_dag.py
[2023-03-01 19:26:52,418] {logging_mixin.py:115} INFO - [2023-03-01 19:26:52,417] {dag.py:2371} INFO - Sync 1 DAGs
[2023-03-01 19:26:52,434] {logging_mixin.py:115} INFO - [2023-03-01 19:26:52,434] {dag.py:2919} INFO - Setting next_dagrun for get_price_board to 2023-02-23T09:00:00+00:00, run_after=2023-02-24T09:00:00+00:00
[2023-03-01 19:26:52,445] {processor.py:161} INFO - Processing /opt/airflow/dags/get_price_dag.py took 0.358 seconds
[2023-03-01 19:27:22,956] {processor.py:153} INFO - Started process (PID=489) to work on /opt/airflow/dags/get_price_dag.py
[2023-03-01 19:27:22,957] {processor.py:641} INFO - Processing file /opt/airflow/dags/get_price_dag.py for tasks to queue
[2023-03-01 19:27:22,957] {logging_mixin.py:115} INFO - [2023-03-01 19:27:22,957] {dagbag.py:507} INFO - Filling up the DagBag from /opt/airflow/dags/get_price_dag.py
[2023-03-01 19:27:23,229] {processor.py:651} INFO - DAG(s) dict_keys(['get_price_board']) retrieved from /opt/airflow/dags/get_price_dag.py
[2023-03-01 19:27:23,245] {logging_mixin.py:115} INFO - [2023-03-01 19:27:23,244] {dag.py:2371} INFO - Sync 1 DAGs
[2023-03-01 19:27:23,263] {logging_mixin.py:115} INFO - [2023-03-01 19:27:23,263] {dag.py:2919} INFO - Setting next_dagrun for get_price_board to 2023-02-23T09:00:00+00:00, run_after=2023-02-24T09:00:00+00:00
[2023-03-01 19:27:23,274] {processor.py:161} INFO - Processing /opt/airflow/dags/get_price_dag.py took 0.321 seconds
[2023-03-01 19:27:54,230] {processor.py:153} INFO - Started process (PID=519) to work on /opt/airflow/dags/get_price_dag.py
[2023-03-01 19:27:54,231] {processor.py:641} INFO - Processing file /opt/airflow/dags/get_price_dag.py for tasks to queue
[2023-03-01 19:27:54,231] {logging_mixin.py:115} INFO - [2023-03-01 19:27:54,231] {dagbag.py:507} INFO - Filling up the DagBag from /opt/airflow/dags/get_price_dag.py
[2023-03-01 19:27:54,539] {processor.py:651} INFO - DAG(s) dict_keys(['get_price_board']) retrieved from /opt/airflow/dags/get_price_dag.py
[2023-03-01 19:27:54,553] {logging_mixin.py:115} INFO - [2023-03-01 19:27:54,553] {dag.py:2371} INFO - Sync 1 DAGs
[2023-03-01 19:27:54,570] {logging_mixin.py:115} INFO - [2023-03-01 19:27:54,570] {dag.py:2919} INFO - Setting next_dagrun for get_price_board to 2023-02-23T09:00:00+00:00, run_after=2023-02-24T09:00:00+00:00
[2023-03-01 19:27:54,583] {processor.py:161} INFO - Processing /opt/airflow/dags/get_price_dag.py took 0.355 seconds
[2023-03-01 19:28:24,900] {processor.py:153} INFO - Started process (PID=549) to work on /opt/airflow/dags/get_price_dag.py
[2023-03-01 19:28:24,901] {processor.py:641} INFO - Processing file /opt/airflow/dags/get_price_dag.py for tasks to queue
[2023-03-01 19:28:24,901] {logging_mixin.py:115} INFO - [2023-03-01 19:28:24,901] {dagbag.py:507} INFO - Filling up the DagBag from /opt/airflow/dags/get_price_dag.py
[2023-03-01 19:28:25,195] {processor.py:651} INFO - DAG(s) dict_keys(['get_price_board']) retrieved from /opt/airflow/dags/get_price_dag.py
[2023-03-01 19:28:25,210] {logging_mixin.py:115} INFO - [2023-03-01 19:28:25,210] {dag.py:2371} INFO - Sync 1 DAGs
[2023-03-01 19:28:25,227] {logging_mixin.py:115} INFO - [2023-03-01 19:28:25,227] {dag.py:2919} INFO - Setting next_dagrun for get_price_board to 2023-02-23T09:00:00+00:00, run_after=2023-02-24T09:00:00+00:00
[2023-03-01 19:28:25,235] {processor.py:161} INFO - Processing /opt/airflow/dags/get_price_dag.py took 0.337 seconds
[2023-03-01 19:28:56,063] {processor.py:153} INFO - Started process (PID=577) to work on /opt/airflow/dags/get_price_dag.py
[2023-03-01 19:28:56,066] {processor.py:641} INFO - Processing file /opt/airflow/dags/get_price_dag.py for tasks to queue
[2023-03-01 19:28:56,066] {logging_mixin.py:115} INFO - [2023-03-01 19:28:56,066] {dagbag.py:507} INFO - Filling up the DagBag from /opt/airflow/dags/get_price_dag.py
[2023-03-01 19:28:56,384] {processor.py:651} INFO - DAG(s) dict_keys(['get_price_board']) retrieved from /opt/airflow/dags/get_price_dag.py
[2023-03-01 19:28:56,399] {logging_mixin.py:115} INFO - [2023-03-01 19:28:56,399] {dag.py:2371} INFO - Sync 1 DAGs
[2023-03-01 19:28:56,418] {logging_mixin.py:115} INFO - [2023-03-01 19:28:56,418] {dag.py:2919} INFO - Setting next_dagrun for get_price_board to 2023-02-23T09:00:00+00:00, run_after=2023-02-24T09:00:00+00:00
[2023-03-01 19:28:56,432] {processor.py:161} INFO - Processing /opt/airflow/dags/get_price_dag.py took 0.371 seconds
[2023-03-01 19:29:27,021] {processor.py:153} INFO - Started process (PID=609) to work on /opt/airflow/dags/get_price_dag.py
[2023-03-01 19:29:27,021] {processor.py:641} INFO - Processing file /opt/airflow/dags/get_price_dag.py for tasks to queue
[2023-03-01 19:29:27,022] {logging_mixin.py:115} INFO - [2023-03-01 19:29:27,022] {dagbag.py:507} INFO - Filling up the DagBag from /opt/airflow/dags/get_price_dag.py
[2023-03-01 19:29:27,317] {processor.py:651} INFO - DAG(s) dict_keys(['get_price_board']) retrieved from /opt/airflow/dags/get_price_dag.py
[2023-03-01 19:29:27,331] {logging_mixin.py:115} INFO - [2023-03-01 19:29:27,331] {dag.py:2371} INFO - Sync 1 DAGs
[2023-03-01 19:29:27,349] {logging_mixin.py:115} INFO - [2023-03-01 19:29:27,349] {dag.py:2919} INFO - Setting next_dagrun for get_price_board to 2023-02-23T09:00:00+00:00, run_after=2023-02-24T09:00:00+00:00
[2023-03-01 19:29:27,360] {processor.py:161} INFO - Processing /opt/airflow/dags/get_price_dag.py took 0.341 seconds
[2023-03-01 19:29:57,976] {processor.py:153} INFO - Started process (PID=637) to work on /opt/airflow/dags/get_price_dag.py
[2023-03-01 19:29:57,977] {processor.py:641} INFO - Processing file /opt/airflow/dags/get_price_dag.py for tasks to queue
[2023-03-01 19:29:57,977] {logging_mixin.py:115} INFO - [2023-03-01 19:29:57,977] {dagbag.py:507} INFO - Filling up the DagBag from /opt/airflow/dags/get_price_dag.py
[2023-03-01 19:29:58,271] {processor.py:651} INFO - DAG(s) dict_keys(['get_price_board']) retrieved from /opt/airflow/dags/get_price_dag.py
[2023-03-01 19:29:58,285] {logging_mixin.py:115} INFO - [2023-03-01 19:29:58,285] {dag.py:2371} INFO - Sync 1 DAGs
[2023-03-01 19:29:58,301] {logging_mixin.py:115} INFO - [2023-03-01 19:29:58,301] {dag.py:2919} INFO - Setting next_dagrun for get_price_board to 2023-02-23T09:00:00+00:00, run_after=2023-02-24T09:00:00+00:00
[2023-03-01 19:29:58,314] {processor.py:161} INFO - Processing /opt/airflow/dags/get_price_dag.py took 0.339 seconds
[2023-03-01 19:30:28,783] {processor.py:153} INFO - Started process (PID=669) to work on /opt/airflow/dags/get_price_dag.py
[2023-03-01 19:30:28,784] {processor.py:641} INFO - Processing file /opt/airflow/dags/get_price_dag.py for tasks to queue
[2023-03-01 19:30:28,785] {logging_mixin.py:115} INFO - [2023-03-01 19:30:28,785] {dagbag.py:507} INFO - Filling up the DagBag from /opt/airflow/dags/get_price_dag.py
[2023-03-01 19:30:29,099] {processor.py:651} INFO - DAG(s) dict_keys(['get_price_board']) retrieved from /opt/airflow/dags/get_price_dag.py
[2023-03-01 19:30:29,123] {logging_mixin.py:115} INFO - [2023-03-01 19:30:29,123] {dag.py:2371} INFO - Sync 1 DAGs
[2023-03-01 19:30:29,143] {logging_mixin.py:115} INFO - [2023-03-01 19:30:29,142] {dag.py:2919} INFO - Setting next_dagrun for get_price_board to 2023-02-23T09:00:00+00:00, run_after=2023-02-24T09:00:00+00:00
[2023-03-01 19:30:29,152] {processor.py:161} INFO - Processing /opt/airflow/dags/get_price_dag.py took 0.372 seconds
[2023-03-01 19:30:59,676] {processor.py:153} INFO - Started process (PID=697) to work on /opt/airflow/dags/get_price_dag.py
[2023-03-01 19:30:59,677] {processor.py:641} INFO - Processing file /opt/airflow/dags/get_price_dag.py for tasks to queue
[2023-03-01 19:30:59,678] {logging_mixin.py:115} INFO - [2023-03-01 19:30:59,678] {dagbag.py:507} INFO - Filling up the DagBag from /opt/airflow/dags/get_price_dag.py
[2023-03-01 19:31:00,021] {processor.py:651} INFO - DAG(s) dict_keys(['get_price_board']) retrieved from /opt/airflow/dags/get_price_dag.py
[2023-03-01 19:31:00,038] {logging_mixin.py:115} INFO - [2023-03-01 19:31:00,038] {dag.py:2371} INFO - Sync 1 DAGs
[2023-03-01 19:31:00,061] {logging_mixin.py:115} INFO - [2023-03-01 19:31:00,061] {dag.py:2919} INFO - Setting next_dagrun for get_price_board to 2023-02-23T09:00:00+00:00, run_after=2023-02-24T09:00:00+00:00
[2023-03-01 19:31:00,074] {processor.py:161} INFO - Processing /opt/airflow/dags/get_price_dag.py took 0.399 seconds
[2023-03-01 19:31:30,556] {processor.py:153} INFO - Started process (PID=729) to work on /opt/airflow/dags/get_price_dag.py
[2023-03-01 19:31:30,557] {processor.py:641} INFO - Processing file /opt/airflow/dags/get_price_dag.py for tasks to queue
[2023-03-01 19:31:30,558] {logging_mixin.py:115} INFO - [2023-03-01 19:31:30,557] {dagbag.py:507} INFO - Filling up the DagBag from /opt/airflow/dags/get_price_dag.py
[2023-03-01 19:31:30,875] {processor.py:651} INFO - DAG(s) dict_keys(['get_price_board']) retrieved from /opt/airflow/dags/get_price_dag.py
[2023-03-01 19:31:30,891] {logging_mixin.py:115} INFO - [2023-03-01 19:31:30,891] {dag.py:2371} INFO - Sync 1 DAGs
[2023-03-01 19:31:30,910] {logging_mixin.py:115} INFO - [2023-03-01 19:31:30,910] {dag.py:2919} INFO - Setting next_dagrun for get_price_board to 2023-02-23T09:00:00+00:00, run_after=2023-02-24T09:00:00+00:00
[2023-03-01 19:31:30,924] {processor.py:161} INFO - Processing /opt/airflow/dags/get_price_dag.py took 0.370 seconds
[2023-03-01 19:32:01,387] {processor.py:153} INFO - Started process (PID=759) to work on /opt/airflow/dags/get_price_dag.py
[2023-03-01 19:32:01,388] {processor.py:641} INFO - Processing file /opt/airflow/dags/get_price_dag.py for tasks to queue
[2023-03-01 19:32:01,388] {logging_mixin.py:115} INFO - [2023-03-01 19:32:01,388] {dagbag.py:507} INFO - Filling up the DagBag from /opt/airflow/dags/get_price_dag.py
[2023-03-01 19:32:01,663] {processor.py:651} INFO - DAG(s) dict_keys(['get_price_board']) retrieved from /opt/airflow/dags/get_price_dag.py
[2023-03-01 19:32:01,678] {logging_mixin.py:115} INFO - [2023-03-01 19:32:01,677] {dag.py:2371} INFO - Sync 1 DAGs
[2023-03-01 19:32:01,695] {logging_mixin.py:115} INFO - [2023-03-01 19:32:01,695] {dag.py:2919} INFO - Setting next_dagrun for get_price_board to 2023-02-23T09:00:00+00:00, run_after=2023-02-24T09:00:00+00:00
[2023-03-01 19:32:01,705] {processor.py:161} INFO - Processing /opt/airflow/dags/get_price_dag.py took 0.320 seconds
[2023-03-01 19:32:32,148] {processor.py:153} INFO - Started process (PID=789) to work on /opt/airflow/dags/get_price_dag.py
[2023-03-01 19:32:32,149] {processor.py:641} INFO - Processing file /opt/airflow/dags/get_price_dag.py for tasks to queue
[2023-03-01 19:32:32,149] {logging_mixin.py:115} INFO - [2023-03-01 19:32:32,149] {dagbag.py:507} INFO - Filling up the DagBag from /opt/airflow/dags/get_price_dag.py
[2023-03-01 19:32:32,434] {processor.py:651} INFO - DAG(s) dict_keys(['get_price_board']) retrieved from /opt/airflow/dags/get_price_dag.py
[2023-03-01 19:32:32,447] {logging_mixin.py:115} INFO - [2023-03-01 19:32:32,447] {dag.py:2371} INFO - Sync 1 DAGs
[2023-03-01 19:32:32,464] {logging_mixin.py:115} INFO - [2023-03-01 19:32:32,464] {dag.py:2919} INFO - Setting next_dagrun for get_price_board to 2023-02-23T09:00:00+00:00, run_after=2023-02-24T09:00:00+00:00
[2023-03-01 19:32:32,475] {processor.py:161} INFO - Processing /opt/airflow/dags/get_price_dag.py took 0.329 seconds
[2023-03-01 19:33:02,988] {processor.py:153} INFO - Started process (PID=817) to work on /opt/airflow/dags/get_price_dag.py
[2023-03-01 19:33:02,989] {processor.py:641} INFO - Processing file /opt/airflow/dags/get_price_dag.py for tasks to queue
[2023-03-01 19:33:02,990] {logging_mixin.py:115} INFO - [2023-03-01 19:33:02,990] {dagbag.py:507} INFO - Filling up the DagBag from /opt/airflow/dags/get_price_dag.py
[2023-03-01 19:33:03,289] {processor.py:651} INFO - DAG(s) dict_keys(['get_price_board']) retrieved from /opt/airflow/dags/get_price_dag.py
[2023-03-01 19:33:03,305] {logging_mixin.py:115} INFO - [2023-03-01 19:33:03,305] {dag.py:2371} INFO - Sync 1 DAGs
[2023-03-01 19:33:03,325] {logging_mixin.py:115} INFO - [2023-03-01 19:33:03,325] {dag.py:2919} INFO - Setting next_dagrun for get_price_board to 2023-02-23T09:00:00+00:00, run_after=2023-02-24T09:00:00+00:00
[2023-03-01 19:33:03,336] {processor.py:161} INFO - Processing /opt/airflow/dags/get_price_dag.py took 0.350 seconds
