[2023-03-01 19:22:48,395] {processor.py:153} INFO - Started process (PID=197) to work on /opt/airflow/dags/get_market_over_view_dag.py
[2023-03-01 19:22:48,396] {processor.py:641} INFO - Processing file /opt/airflow/dags/get_market_over_view_dag.py for tasks to queue
[2023-03-01 19:22:48,397] {logging_mixin.py:115} INFO - [2023-03-01 19:22:48,396] {dagbag.py:507} INFO - Filling up the DagBag from /opt/airflow/dags/get_market_over_view_dag.py
[2023-03-01 19:22:48,407] {logging_mixin.py:115} INFO - [2023-03-01 19:22:48,406] {dagbag.py:320} ERROR - Failed to import: /opt/airflow/dags/get_market_over_view_dag.py
Traceback (most recent call last):
  File "/home/airflow/.local/lib/python3.7/site-packages/airflow/models/dagbag.py", line 317, in parse
    loader.exec_module(new_module)
  File "<frozen importlib._bootstrap_external>", line 728, in exec_module
  File "<frozen importlib._bootstrap>", line 219, in _call_with_frames_removed
  File "/opt/airflow/dags/get_market_over_view_dag.py", line 7, in <module>
    from scripts.get_market_overview import *
  File "/opt/airflow/dags/scripts/get_market_overview.py", line 2, in <module>
    from scripts.utils.helper import *
  File "/opt/airflow/dags/scripts/utils/helper.py", line 4, in <module>
    import pymysql
ModuleNotFoundError: No module named 'pymysql'
[2023-03-01 19:22:48,408] {processor.py:653} WARNING - No viable dags retrieved from /opt/airflow/dags/get_market_over_view_dag.py
[2023-03-01 19:22:48,439] {processor.py:161} INFO - Processing /opt/airflow/dags/get_market_over_view_dag.py took 0.049 seconds
[2023-03-01 19:23:18,690] {processor.py:153} INFO - Started process (PID=222) to work on /opt/airflow/dags/get_market_over_view_dag.py
[2023-03-01 19:23:18,691] {processor.py:641} INFO - Processing file /opt/airflow/dags/get_market_over_view_dag.py for tasks to queue
[2023-03-01 19:23:18,691] {logging_mixin.py:115} INFO - [2023-03-01 19:23:18,691] {dagbag.py:507} INFO - Filling up the DagBag from /opt/airflow/dags/get_market_over_view_dag.py
[2023-03-01 19:23:18,696] {logging_mixin.py:115} INFO - [2023-03-01 19:23:18,695] {dagbag.py:320} ERROR - Failed to import: /opt/airflow/dags/get_market_over_view_dag.py
Traceback (most recent call last):
  File "/home/airflow/.local/lib/python3.7/site-packages/airflow/models/dagbag.py", line 317, in parse
    loader.exec_module(new_module)
  File "<frozen importlib._bootstrap_external>", line 728, in exec_module
  File "<frozen importlib._bootstrap>", line 219, in _call_with_frames_removed
  File "/opt/airflow/dags/get_market_over_view_dag.py", line 7, in <module>
    from scripts.get_market_overview import *
  File "/opt/airflow/dags/scripts/get_market_overview.py", line 2, in <module>
    from scripts.utils.helper import *
  File "/opt/airflow/dags/scripts/utils/helper.py", line 4, in <module>
    import pymysql
ModuleNotFoundError: No module named 'pymysql'
[2023-03-01 19:23:18,696] {processor.py:653} WARNING - No viable dags retrieved from /opt/airflow/dags/get_market_over_view_dag.py
[2023-03-01 19:23:18,711] {processor.py:161} INFO - Processing /opt/airflow/dags/get_market_over_view_dag.py took 0.023 seconds
[2023-03-01 19:23:48,849] {processor.py:153} INFO - Started process (PID=245) to work on /opt/airflow/dags/get_market_over_view_dag.py
[2023-03-01 19:23:48,850] {processor.py:641} INFO - Processing file /opt/airflow/dags/get_market_over_view_dag.py for tasks to queue
[2023-03-01 19:23:48,850] {logging_mixin.py:115} INFO - [2023-03-01 19:23:48,850] {dagbag.py:507} INFO - Filling up the DagBag from /opt/airflow/dags/get_market_over_view_dag.py
[2023-03-01 19:23:48,855] {logging_mixin.py:115} INFO - [2023-03-01 19:23:48,854] {dagbag.py:320} ERROR - Failed to import: /opt/airflow/dags/get_market_over_view_dag.py
Traceback (most recent call last):
  File "/home/airflow/.local/lib/python3.7/site-packages/airflow/models/dagbag.py", line 317, in parse
    loader.exec_module(new_module)
  File "<frozen importlib._bootstrap_external>", line 728, in exec_module
  File "<frozen importlib._bootstrap>", line 219, in _call_with_frames_removed
  File "/opt/airflow/dags/get_market_over_view_dag.py", line 7, in <module>
    from scripts.get_market_overview import *
  File "/opt/airflow/dags/scripts/get_market_overview.py", line 2, in <module>
    from scripts.utils.helper import *
  File "/opt/airflow/dags/scripts/utils/helper.py", line 4, in <module>
    import pymysql
ModuleNotFoundError: No module named 'pymysql'
[2023-03-01 19:23:48,855] {processor.py:653} WARNING - No viable dags retrieved from /opt/airflow/dags/get_market_over_view_dag.py
[2023-03-01 19:23:48,870] {processor.py:161} INFO - Processing /opt/airflow/dags/get_market_over_view_dag.py took 0.023 seconds
[2023-03-01 19:24:19,031] {processor.py:153} INFO - Started process (PID=270) to work on /opt/airflow/dags/get_market_over_view_dag.py
[2023-03-01 19:24:19,031] {processor.py:641} INFO - Processing file /opt/airflow/dags/get_market_over_view_dag.py for tasks to queue
[2023-03-01 19:24:19,032] {logging_mixin.py:115} INFO - [2023-03-01 19:24:19,032] {dagbag.py:507} INFO - Filling up the DagBag from /opt/airflow/dags/get_market_over_view_dag.py
[2023-03-01 19:24:19,037] {logging_mixin.py:115} INFO - [2023-03-01 19:24:19,036] {dagbag.py:320} ERROR - Failed to import: /opt/airflow/dags/get_market_over_view_dag.py
Traceback (most recent call last):
  File "/home/airflow/.local/lib/python3.7/site-packages/airflow/models/dagbag.py", line 317, in parse
    loader.exec_module(new_module)
  File "<frozen importlib._bootstrap_external>", line 728, in exec_module
  File "<frozen importlib._bootstrap>", line 219, in _call_with_frames_removed
  File "/opt/airflow/dags/get_market_over_view_dag.py", line 7, in <module>
    from scripts.get_market_overview import *
  File "/opt/airflow/dags/scripts/get_market_overview.py", line 2, in <module>
    from scripts.utils.helper import *
  File "/opt/airflow/dags/scripts/utils/helper.py", line 4, in <module>
    import pymysql
ModuleNotFoundError: No module named 'pymysql'
[2023-03-01 19:24:19,037] {processor.py:653} WARNING - No viable dags retrieved from /opt/airflow/dags/get_market_over_view_dag.py
[2023-03-01 19:24:19,053] {processor.py:161} INFO - Processing /opt/airflow/dags/get_market_over_view_dag.py took 0.025 seconds
[2023-03-01 19:24:49,213] {processor.py:153} INFO - Started process (PID=312) to work on /opt/airflow/dags/get_market_over_view_dag.py
[2023-03-01 19:24:49,213] {processor.py:641} INFO - Processing file /opt/airflow/dags/get_market_over_view_dag.py for tasks to queue
[2023-03-01 19:24:49,214] {logging_mixin.py:115} INFO - [2023-03-01 19:24:49,214] {dagbag.py:507} INFO - Filling up the DagBag from /opt/airflow/dags/get_market_over_view_dag.py
[2023-03-01 19:24:49,218] {logging_mixin.py:115} INFO - [2023-03-01 19:24:49,218] {dagbag.py:320} ERROR - Failed to import: /opt/airflow/dags/get_market_over_view_dag.py
Traceback (most recent call last):
  File "/home/airflow/.local/lib/python3.7/site-packages/airflow/models/dagbag.py", line 317, in parse
    loader.exec_module(new_module)
  File "<frozen importlib._bootstrap_external>", line 728, in exec_module
  File "<frozen importlib._bootstrap>", line 219, in _call_with_frames_removed
  File "/opt/airflow/dags/get_market_over_view_dag.py", line 7, in <module>
    from scripts.get_market_overview import *
  File "/opt/airflow/dags/scripts/get_market_overview.py", line 2, in <module>
    from scripts.utils.helper import *
  File "/opt/airflow/dags/scripts/utils/helper.py", line 4, in <module>
    import pymysql
ModuleNotFoundError: No module named 'pymysql'
[2023-03-01 19:24:49,218] {processor.py:653} WARNING - No viable dags retrieved from /opt/airflow/dags/get_market_over_view_dag.py
[2023-03-01 19:24:49,232] {processor.py:161} INFO - Processing /opt/airflow/dags/get_market_over_view_dag.py took 0.022 seconds
[2023-03-01 19:25:19,426] {processor.py:153} INFO - Started process (PID=337) to work on /opt/airflow/dags/get_market_over_view_dag.py
[2023-03-01 19:25:19,426] {processor.py:641} INFO - Processing file /opt/airflow/dags/get_market_over_view_dag.py for tasks to queue
[2023-03-01 19:25:19,427] {logging_mixin.py:115} INFO - [2023-03-01 19:25:19,427] {dagbag.py:507} INFO - Filling up the DagBag from /opt/airflow/dags/get_market_over_view_dag.py
[2023-03-01 19:25:19,432] {logging_mixin.py:115} INFO - [2023-03-01 19:25:19,432] {dagbag.py:320} ERROR - Failed to import: /opt/airflow/dags/get_market_over_view_dag.py
Traceback (most recent call last):
  File "/home/airflow/.local/lib/python3.7/site-packages/airflow/models/dagbag.py", line 317, in parse
    loader.exec_module(new_module)
  File "<frozen importlib._bootstrap_external>", line 728, in exec_module
  File "<frozen importlib._bootstrap>", line 219, in _call_with_frames_removed
  File "/opt/airflow/dags/get_market_over_view_dag.py", line 7, in <module>
    from scripts.get_market_overview import *
  File "/opt/airflow/dags/scripts/get_market_overview.py", line 2, in <module>
    from scripts.utils.helper import *
  File "/opt/airflow/dags/scripts/utils/helper.py", line 4, in <module>
    import pymysql
ModuleNotFoundError: No module named 'pymysql'
[2023-03-01 19:25:19,433] {processor.py:653} WARNING - No viable dags retrieved from /opt/airflow/dags/get_market_over_view_dag.py
[2023-03-01 19:25:19,494] {processor.py:161} INFO - Processing /opt/airflow/dags/get_market_over_view_dag.py took 0.070 seconds
[2023-03-01 19:25:49,686] {processor.py:153} INFO - Started process (PID=379) to work on /opt/airflow/dags/get_market_over_view_dag.py
[2023-03-01 19:25:49,687] {processor.py:641} INFO - Processing file /opt/airflow/dags/get_market_over_view_dag.py for tasks to queue
[2023-03-01 19:25:49,687] {logging_mixin.py:115} INFO - [2023-03-01 19:25:49,687] {dagbag.py:507} INFO - Filling up the DagBag from /opt/airflow/dags/get_market_over_view_dag.py
[2023-03-01 19:25:49,694] {logging_mixin.py:115} INFO - [2023-03-01 19:25:49,693] {dagbag.py:320} ERROR - Failed to import: /opt/airflow/dags/get_market_over_view_dag.py
Traceback (most recent call last):
  File "/home/airflow/.local/lib/python3.7/site-packages/airflow/models/dagbag.py", line 317, in parse
    loader.exec_module(new_module)
  File "<frozen importlib._bootstrap_external>", line 728, in exec_module
  File "<frozen importlib._bootstrap>", line 219, in _call_with_frames_removed
  File "/opt/airflow/dags/get_market_over_view_dag.py", line 7, in <module>
    from scripts.get_market_overview import *
  File "/opt/airflow/dags/scripts/get_market_overview.py", line 2, in <module>
    from scripts.utils.helper import *
  File "/opt/airflow/dags/scripts/utils/helper.py", line 4, in <module>
    import pymysql
ModuleNotFoundError: No module named 'pymysql'
[2023-03-01 19:25:49,694] {processor.py:653} WARNING - No viable dags retrieved from /opt/airflow/dags/get_market_over_view_dag.py
[2023-03-01 19:25:49,711] {processor.py:161} INFO - Processing /opt/airflow/dags/get_market_over_view_dag.py took 0.028 seconds
[2023-03-01 19:26:20,280] {processor.py:153} INFO - Started process (PID=417) to work on /opt/airflow/dags/get_market_over_view_dag.py
[2023-03-01 19:26:20,280] {processor.py:641} INFO - Processing file /opt/airflow/dags/get_market_over_view_dag.py for tasks to queue
[2023-03-01 19:26:20,281] {logging_mixin.py:115} INFO - [2023-03-01 19:26:20,281] {dagbag.py:507} INFO - Filling up the DagBag from /opt/airflow/dags/get_market_over_view_dag.py
[2023-03-01 19:26:20,592] {processor.py:651} INFO - DAG(s) dict_keys(['get_market_overview']) retrieved from /opt/airflow/dags/get_market_over_view_dag.py
[2023-03-01 19:26:20,653] {logging_mixin.py:115} INFO - [2023-03-01 19:26:20,652] {manager.py:508} INFO - Created Permission View: can edit on DAG:get_market_overview
[2023-03-01 19:26:20,661] {logging_mixin.py:115} INFO - [2023-03-01 19:26:20,661] {manager.py:508} INFO - Created Permission View: can delete on DAG:get_market_overview
[2023-03-01 19:26:20,668] {logging_mixin.py:115} INFO - [2023-03-01 19:26:20,668] {manager.py:508} INFO - Created Permission View: can read on DAG:get_market_overview
[2023-03-01 19:26:20,669] {logging_mixin.py:115} INFO - [2023-03-01 19:26:20,668] {dag.py:2371} INFO - Sync 1 DAGs
[2023-03-01 19:26:20,676] {logging_mixin.py:115} INFO - [2023-03-01 19:26:20,675] {dag.py:2390} INFO - Creating ORM DAG for get_market_overview
[2023-03-01 19:26:20,689] {logging_mixin.py:115} INFO - [2023-03-01 19:26:20,688] {dag.py:2919} INFO - Setting next_dagrun for get_market_overview to 2023-02-23T05:05:00+00:00, run_after=2023-02-23T08:05:00+00:00
[2023-03-01 19:26:20,700] {processor.py:161} INFO - Processing /opt/airflow/dags/get_market_over_view_dag.py took 0.422 seconds
[2023-03-01 19:26:51,703] {processor.py:153} INFO - Started process (PID=445) to work on /opt/airflow/dags/get_market_over_view_dag.py
[2023-03-01 19:26:51,704] {processor.py:641} INFO - Processing file /opt/airflow/dags/get_market_over_view_dag.py for tasks to queue
[2023-03-01 19:26:51,704] {logging_mixin.py:115} INFO - [2023-03-01 19:26:51,704] {dagbag.py:507} INFO - Filling up the DagBag from /opt/airflow/dags/get_market_over_view_dag.py
[2023-03-01 19:26:52,036] {processor.py:651} INFO - DAG(s) dict_keys(['get_market_overview']) retrieved from /opt/airflow/dags/get_market_over_view_dag.py
[2023-03-01 19:26:52,051] {logging_mixin.py:115} INFO - [2023-03-01 19:26:52,051] {dag.py:2371} INFO - Sync 1 DAGs
[2023-03-01 19:26:52,070] {logging_mixin.py:115} INFO - [2023-03-01 19:26:52,070] {dag.py:2919} INFO - Setting next_dagrun for get_market_overview to 2023-02-23T05:05:00+00:00, run_after=2023-02-23T08:05:00+00:00
[2023-03-01 19:26:52,080] {processor.py:161} INFO - Processing /opt/airflow/dags/get_market_over_view_dag.py took 0.379 seconds
[2023-03-01 19:27:22,597] {processor.py:153} INFO - Started process (PID=475) to work on /opt/airflow/dags/get_market_over_view_dag.py
[2023-03-01 19:27:22,597] {processor.py:641} INFO - Processing file /opt/airflow/dags/get_market_over_view_dag.py for tasks to queue
[2023-03-01 19:27:22,598] {logging_mixin.py:115} INFO - [2023-03-01 19:27:22,598] {dagbag.py:507} INFO - Filling up the DagBag from /opt/airflow/dags/get_market_over_view_dag.py
[2023-03-01 19:27:22,889] {processor.py:651} INFO - DAG(s) dict_keys(['get_market_overview']) retrieved from /opt/airflow/dags/get_market_over_view_dag.py
[2023-03-01 19:27:22,904] {logging_mixin.py:115} INFO - [2023-03-01 19:27:22,904] {dag.py:2371} INFO - Sync 1 DAGs
[2023-03-01 19:27:22,923] {logging_mixin.py:115} INFO - [2023-03-01 19:27:22,923] {dag.py:2919} INFO - Setting next_dagrun for get_market_overview to 2023-02-23T05:05:00+00:00, run_after=2023-02-23T08:05:00+00:00
[2023-03-01 19:27:22,932] {processor.py:161} INFO - Processing /opt/airflow/dags/get_market_over_view_dag.py took 0.338 seconds
[2023-03-01 19:27:53,525] {processor.py:153} INFO - Started process (PID=507) to work on /opt/airflow/dags/get_market_over_view_dag.py
[2023-03-01 19:27:53,526] {processor.py:641} INFO - Processing file /opt/airflow/dags/get_market_over_view_dag.py for tasks to queue
[2023-03-01 19:27:53,526] {logging_mixin.py:115} INFO - [2023-03-01 19:27:53,526] {dagbag.py:507} INFO - Filling up the DagBag from /opt/airflow/dags/get_market_over_view_dag.py
[2023-03-01 19:27:53,789] {processor.py:651} INFO - DAG(s) dict_keys(['get_market_overview']) retrieved from /opt/airflow/dags/get_market_over_view_dag.py
[2023-03-01 19:27:53,805] {logging_mixin.py:115} INFO - [2023-03-01 19:27:53,805] {dag.py:2371} INFO - Sync 1 DAGs
[2023-03-01 19:27:53,826] {logging_mixin.py:115} INFO - [2023-03-01 19:27:53,825] {dag.py:2919} INFO - Setting next_dagrun for get_market_overview to 2023-02-23T05:05:00+00:00, run_after=2023-02-23T08:05:00+00:00
[2023-03-01 19:27:53,835] {processor.py:161} INFO - Processing /opt/airflow/dags/get_market_over_view_dag.py took 0.313 seconds
[2023-03-01 19:28:24,199] {processor.py:153} INFO - Started process (PID=537) to work on /opt/airflow/dags/get_market_over_view_dag.py
[2023-03-01 19:28:24,200] {processor.py:641} INFO - Processing file /opt/airflow/dags/get_market_over_view_dag.py for tasks to queue
[2023-03-01 19:28:24,200] {logging_mixin.py:115} INFO - [2023-03-01 19:28:24,200] {dagbag.py:507} INFO - Filling up the DagBag from /opt/airflow/dags/get_market_over_view_dag.py
[2023-03-01 19:28:24,470] {processor.py:651} INFO - DAG(s) dict_keys(['get_market_overview']) retrieved from /opt/airflow/dags/get_market_over_view_dag.py
[2023-03-01 19:28:24,484] {logging_mixin.py:115} INFO - [2023-03-01 19:28:24,483] {dag.py:2371} INFO - Sync 1 DAGs
[2023-03-01 19:28:24,500] {logging_mixin.py:115} INFO - [2023-03-01 19:28:24,500] {dag.py:2919} INFO - Setting next_dagrun for get_market_overview to 2023-02-23T05:05:00+00:00, run_after=2023-02-23T08:05:00+00:00
[2023-03-01 19:28:24,543] {processor.py:161} INFO - Processing /opt/airflow/dags/get_market_over_view_dag.py took 0.345 seconds
[2023-03-01 19:28:55,067] {processor.py:153} INFO - Started process (PID=567) to work on /opt/airflow/dags/get_market_over_view_dag.py
[2023-03-01 19:28:55,068] {processor.py:641} INFO - Processing file /opt/airflow/dags/get_market_over_view_dag.py for tasks to queue
[2023-03-01 19:28:55,069] {logging_mixin.py:115} INFO - [2023-03-01 19:28:55,069] {dagbag.py:507} INFO - Filling up the DagBag from /opt/airflow/dags/get_market_over_view_dag.py
[2023-03-01 19:28:55,681] {processor.py:651} INFO - DAG(s) dict_keys(['get_market_overview']) retrieved from /opt/airflow/dags/get_market_over_view_dag.py
[2023-03-01 19:28:55,696] {logging_mixin.py:115} INFO - [2023-03-01 19:28:55,696] {dag.py:2371} INFO - Sync 1 DAGs
[2023-03-01 19:28:55,717] {logging_mixin.py:115} INFO - [2023-03-01 19:28:55,717] {dag.py:2919} INFO - Setting next_dagrun for get_market_overview to 2023-02-23T05:05:00+00:00, run_after=2023-02-23T08:05:00+00:00
[2023-03-01 19:28:55,727] {processor.py:161} INFO - Processing /opt/airflow/dags/get_market_over_view_dag.py took 0.672 seconds
[2023-03-01 19:29:26,611] {processor.py:153} INFO - Started process (PID=597) to work on /opt/airflow/dags/get_market_over_view_dag.py
[2023-03-01 19:29:26,611] {processor.py:641} INFO - Processing file /opt/airflow/dags/get_market_over_view_dag.py for tasks to queue
[2023-03-01 19:29:26,612] {logging_mixin.py:115} INFO - [2023-03-01 19:29:26,612] {dagbag.py:507} INFO - Filling up the DagBag from /opt/airflow/dags/get_market_over_view_dag.py
[2023-03-01 19:29:26,949] {processor.py:651} INFO - DAG(s) dict_keys(['get_market_overview']) retrieved from /opt/airflow/dags/get_market_over_view_dag.py
[2023-03-01 19:29:26,967] {logging_mixin.py:115} INFO - [2023-03-01 19:29:26,967] {dag.py:2371} INFO - Sync 1 DAGs
[2023-03-01 19:29:26,989] {logging_mixin.py:115} INFO - [2023-03-01 19:29:26,989] {dag.py:2919} INFO - Setting next_dagrun for get_market_overview to 2023-02-23T05:05:00+00:00, run_after=2023-02-23T08:05:00+00:00
[2023-03-01 19:29:26,999] {processor.py:161} INFO - Processing /opt/airflow/dags/get_market_over_view_dag.py took 0.391 seconds
[2023-03-01 19:29:57,616] {processor.py:153} INFO - Started process (PID=627) to work on /opt/airflow/dags/get_market_over_view_dag.py
[2023-03-01 19:29:57,620] {processor.py:641} INFO - Processing file /opt/airflow/dags/get_market_over_view_dag.py for tasks to queue
[2023-03-01 19:29:57,620] {logging_mixin.py:115} INFO - [2023-03-01 19:29:57,620] {dagbag.py:507} INFO - Filling up the DagBag from /opt/airflow/dags/get_market_over_view_dag.py
[2023-03-01 19:29:57,931] {processor.py:651} INFO - DAG(s) dict_keys(['get_market_overview']) retrieved from /opt/airflow/dags/get_market_over_view_dag.py
[2023-03-01 19:29:57,946] {logging_mixin.py:115} INFO - [2023-03-01 19:29:57,946] {dag.py:2371} INFO - Sync 1 DAGs
[2023-03-01 19:29:57,966] {logging_mixin.py:115} INFO - [2023-03-01 19:29:57,966] {dag.py:2919} INFO - Setting next_dagrun for get_market_overview to 2023-02-23T05:05:00+00:00, run_after=2023-02-23T08:05:00+00:00
[2023-03-01 19:29:57,977] {processor.py:161} INFO - Processing /opt/airflow/dags/get_market_over_view_dag.py took 0.364 seconds
[2023-03-01 19:30:28,408] {processor.py:153} INFO - Started process (PID=657) to work on /opt/airflow/dags/get_market_over_view_dag.py
[2023-03-01 19:30:28,408] {processor.py:641} INFO - Processing file /opt/airflow/dags/get_market_over_view_dag.py for tasks to queue
[2023-03-01 19:30:28,409] {logging_mixin.py:115} INFO - [2023-03-01 19:30:28,409] {dagbag.py:507} INFO - Filling up the DagBag from /opt/airflow/dags/get_market_over_view_dag.py
[2023-03-01 19:30:28,729] {processor.py:651} INFO - DAG(s) dict_keys(['get_market_overview']) retrieved from /opt/airflow/dags/get_market_over_view_dag.py
[2023-03-01 19:30:28,744] {logging_mixin.py:115} INFO - [2023-03-01 19:30:28,744] {dag.py:2371} INFO - Sync 1 DAGs
[2023-03-01 19:30:28,763] {logging_mixin.py:115} INFO - [2023-03-01 19:30:28,763] {dag.py:2919} INFO - Setting next_dagrun for get_market_overview to 2023-02-23T05:05:00+00:00, run_after=2023-02-23T08:05:00+00:00
[2023-03-01 19:30:28,774] {processor.py:161} INFO - Processing /opt/airflow/dags/get_market_over_view_dag.py took 0.369 seconds
[2023-03-01 19:30:59,293] {processor.py:153} INFO - Started process (PID=687) to work on /opt/airflow/dags/get_market_over_view_dag.py
[2023-03-01 19:30:59,293] {processor.py:641} INFO - Processing file /opt/airflow/dags/get_market_over_view_dag.py for tasks to queue
[2023-03-01 19:30:59,294] {logging_mixin.py:115} INFO - [2023-03-01 19:30:59,294] {dagbag.py:507} INFO - Filling up the DagBag from /opt/airflow/dags/get_market_over_view_dag.py
[2023-03-01 19:30:59,603] {processor.py:651} INFO - DAG(s) dict_keys(['get_market_overview']) retrieved from /opt/airflow/dags/get_market_over_view_dag.py
[2023-03-01 19:30:59,619] {logging_mixin.py:115} INFO - [2023-03-01 19:30:59,619] {dag.py:2371} INFO - Sync 1 DAGs
[2023-03-01 19:30:59,638] {logging_mixin.py:115} INFO - [2023-03-01 19:30:59,637] {dag.py:2919} INFO - Setting next_dagrun for get_market_overview to 2023-02-23T05:05:00+00:00, run_after=2023-02-23T08:05:00+00:00
[2023-03-01 19:30:59,651] {processor.py:161} INFO - Processing /opt/airflow/dags/get_market_over_view_dag.py took 0.362 seconds
[2023-03-01 19:31:30,178] {processor.py:153} INFO - Started process (PID=717) to work on /opt/airflow/dags/get_market_over_view_dag.py
[2023-03-01 19:31:30,178] {processor.py:641} INFO - Processing file /opt/airflow/dags/get_market_over_view_dag.py for tasks to queue
[2023-03-01 19:31:30,179] {logging_mixin.py:115} INFO - [2023-03-01 19:31:30,179] {dagbag.py:507} INFO - Filling up the DagBag from /opt/airflow/dags/get_market_over_view_dag.py
[2023-03-01 19:31:30,474] {processor.py:651} INFO - DAG(s) dict_keys(['get_market_overview']) retrieved from /opt/airflow/dags/get_market_over_view_dag.py
[2023-03-01 19:31:30,491] {logging_mixin.py:115} INFO - [2023-03-01 19:31:30,491] {dag.py:2371} INFO - Sync 1 DAGs
[2023-03-01 19:31:30,517] {logging_mixin.py:115} INFO - [2023-03-01 19:31:30,517] {dag.py:2919} INFO - Setting next_dagrun for get_market_overview to 2023-02-23T05:05:00+00:00, run_after=2023-02-23T08:05:00+00:00
[2023-03-01 19:31:30,534] {processor.py:161} INFO - Processing /opt/airflow/dags/get_market_over_view_dag.py took 0.359 seconds
[2023-03-01 19:32:00,999] {processor.py:153} INFO - Started process (PID=747) to work on /opt/airflow/dags/get_market_over_view_dag.py
[2023-03-01 19:32:01,002] {processor.py:641} INFO - Processing file /opt/airflow/dags/get_market_over_view_dag.py for tasks to queue
[2023-03-01 19:32:01,002] {logging_mixin.py:115} INFO - [2023-03-01 19:32:01,002] {dagbag.py:507} INFO - Filling up the DagBag from /opt/airflow/dags/get_market_over_view_dag.py
[2023-03-01 19:32:01,318] {processor.py:651} INFO - DAG(s) dict_keys(['get_market_overview']) retrieved from /opt/airflow/dags/get_market_over_view_dag.py
[2023-03-01 19:32:01,334] {logging_mixin.py:115} INFO - [2023-03-01 19:32:01,334] {dag.py:2371} INFO - Sync 1 DAGs
[2023-03-01 19:32:01,354] {logging_mixin.py:115} INFO - [2023-03-01 19:32:01,354] {dag.py:2919} INFO - Setting next_dagrun for get_market_overview to 2023-02-23T05:05:00+00:00, run_after=2023-02-23T08:05:00+00:00
[2023-03-01 19:32:01,364] {processor.py:161} INFO - Processing /opt/airflow/dags/get_market_over_view_dag.py took 0.368 seconds
[2023-03-01 19:32:31,787] {processor.py:153} INFO - Started process (PID=777) to work on /opt/airflow/dags/get_market_over_view_dag.py
[2023-03-01 19:32:31,790] {processor.py:641} INFO - Processing file /opt/airflow/dags/get_market_over_view_dag.py for tasks to queue
[2023-03-01 19:32:31,790] {logging_mixin.py:115} INFO - [2023-03-01 19:32:31,790] {dagbag.py:507} INFO - Filling up the DagBag from /opt/airflow/dags/get_market_over_view_dag.py
[2023-03-01 19:32:32,096] {processor.py:651} INFO - DAG(s) dict_keys(['get_market_overview']) retrieved from /opt/airflow/dags/get_market_over_view_dag.py
[2023-03-01 19:32:32,111] {logging_mixin.py:115} INFO - [2023-03-01 19:32:32,111] {dag.py:2371} INFO - Sync 1 DAGs
[2023-03-01 19:32:32,130] {logging_mixin.py:115} INFO - [2023-03-01 19:32:32,130] {dag.py:2919} INFO - Setting next_dagrun for get_market_overview to 2023-02-23T05:05:00+00:00, run_after=2023-02-23T08:05:00+00:00
[2023-03-01 19:32:32,139] {processor.py:161} INFO - Processing /opt/airflow/dags/get_market_over_view_dag.py took 0.355 seconds
[2023-03-01 19:33:02,638] {processor.py:153} INFO - Started process (PID=807) to work on /opt/airflow/dags/get_market_over_view_dag.py
[2023-03-01 19:33:02,639] {processor.py:641} INFO - Processing file /opt/airflow/dags/get_market_over_view_dag.py for tasks to queue
[2023-03-01 19:33:02,639] {logging_mixin.py:115} INFO - [2023-03-01 19:33:02,639] {dagbag.py:507} INFO - Filling up the DagBag from /opt/airflow/dags/get_market_over_view_dag.py
[2023-03-01 19:33:02,938] {processor.py:651} INFO - DAG(s) dict_keys(['get_market_overview']) retrieved from /opt/airflow/dags/get_market_over_view_dag.py
[2023-03-01 19:33:02,953] {logging_mixin.py:115} INFO - [2023-03-01 19:33:02,953] {dag.py:2371} INFO - Sync 1 DAGs
[2023-03-01 19:33:02,973] {logging_mixin.py:115} INFO - [2023-03-01 19:33:02,972] {dag.py:2919} INFO - Setting next_dagrun for get_market_overview to 2023-02-23T05:05:00+00:00, run_after=2023-02-23T08:05:00+00:00
[2023-03-01 19:33:02,983] {processor.py:161} INFO - Processing /opt/airflow/dags/get_market_over_view_dag.py took 0.348 seconds
