[2023-02-23 11:57:33,701] {taskinstance.py:1159} INFO - Dependencies all met for <TaskInstance: get_market_overview.push_market_overview scheduled__2023-02-11T17:00:00+00:00 [queued]>
[2023-02-23 11:57:33,717] {taskinstance.py:1159} INFO - Dependencies all met for <TaskInstance: get_market_overview.push_market_overview scheduled__2023-02-11T17:00:00+00:00 [queued]>
[2023-02-23 11:57:33,717] {taskinstance.py:1356} INFO - 
--------------------------------------------------------------------------------
[2023-02-23 11:57:33,718] {taskinstance.py:1357} INFO - Starting attempt 1 of 1
[2023-02-23 11:57:33,718] {taskinstance.py:1358} INFO - 
--------------------------------------------------------------------------------
[2023-02-23 11:57:33,744] {taskinstance.py:1377} INFO - Executing <Task(PythonOperator): push_market_overview> on 2023-02-11 17:00:00+00:00
[2023-02-23 11:57:33,752] {standard_task_runner.py:52} INFO - Started process 751 to run task
[2023-02-23 11:57:33,755] {standard_task_runner.py:79} INFO - Running: ['***', 'tasks', 'run', 'get_market_overview', 'push_market_overview', 'scheduled__2023-02-11T17:00:00+00:00', '--job-id', '36', '--raw', '--subdir', 'DAGS_FOLDER/get_market_over_view_dag.py', '--cfg-path', '/tmp/tmp9qc_0_qq', '--error-file', '/tmp/tmpqfthkuq_']
[2023-02-23 11:57:33,757] {standard_task_runner.py:80} INFO - Job 36: Subtask push_market_overview
[2023-02-23 11:57:33,841] {task_command.py:369} INFO - Running <TaskInstance: get_market_overview.push_market_overview scheduled__2023-02-11T17:00:00+00:00 [running]> on host 003d565768d2
[2023-02-23 11:57:34,010] {taskinstance.py:1571} INFO - Exporting the following env vars:
AIRFLOW_CTX_DAG_OWNER=***
AIRFLOW_CTX_DAG_ID=get_market_overview
AIRFLOW_CTX_TASK_ID=push_market_overview
AIRFLOW_CTX_EXECUTION_DATE=2023-02-11T17:00:00+00:00
AIRFLOW_CTX_TRY_NUMBER=1
AIRFLOW_CTX_DAG_RUN_ID=scheduled__2023-02-11T17:00:00+00:00
[2023-02-23 11:57:35,221] {logging_mixin.py:115} INFO - (1062, "Duplicate entry '2023-02-23 00:00:00-VN-INDEX' for key 'market_overview.PRIMARY'")
[2023-02-23 11:57:35,715] {logging_mixin.py:115} INFO - (1062, "Duplicate entry '2023-02-23 00:00:00-HNX-INDEX' for key 'market_overview.PRIMARY'")
[2023-02-23 11:57:36,109] {logging_mixin.py:115} INFO - (1062, "Duplicate entry '2023-02-23 00:00:00-Dow Jones' for key 'market_overview.PRIMARY'")
[2023-02-23 11:57:36,751] {logging_mixin.py:115} INFO - (1062, "Duplicate entry '2023-02-23 00:00:00-DAX' for key 'market_overview.PRIMARY'")
[2023-02-23 11:57:37,241] {logging_mixin.py:115} INFO - (1062, "Duplicate entry '2023-02-23 00:00:00-FTSE 100' for key 'market_overview.PRIMARY'")
[2023-02-23 11:57:37,653] {logging_mixin.py:115} INFO - (1062, "Duplicate entry '2023-02-23 00:00:00-NI225' for key 'market_overview.PRIMARY'")
[2023-02-23 11:57:38,210] {logging_mixin.py:115} INFO - (1062, "Duplicate entry '2023-02-23 00:00:00-KOSPI' for key 'market_overview.PRIMARY'")
[2023-02-23 11:57:39,070] {logging_mixin.py:115} INFO - (1062, "Duplicate entry '2023-02-23 00:00:00-Shanghai' for key 'market_overview.PRIMARY'")
[2023-02-23 11:57:40,158] {logging_mixin.py:115} INFO - (1062, "Duplicate entry '2023-02-23 00:00:00-Crude Oil (USD/lb)' for key 'market_overview.PRIMARY'")
[2023-02-23 11:57:40,480] {logging_mixin.py:115} INFO - (1062, "Duplicate entry '2023-02-23 00:00:00-Gold (USD/t oz)' for key 'market_overview.PRIMARY'")
[2023-02-23 11:57:40,824] {logging_mixin.py:115} INFO - (1062, "Duplicate entry '2023-02-23 00:00:00-Natural Gas (USD/Mmbtu)' for key 'market_overview.PRIMARY'")
[2023-02-23 11:57:41,130] {logging_mixin.py:115} INFO - (1062, "Duplicate entry '2023-02-23 00:00:00-Steel (USD/lb)' for key 'market_overview.PRIMARY'")
[2023-02-23 11:57:41,940] {logging_mixin.py:115} INFO - (1062, "Duplicate entry '2023-02-23 00:00:00-Coal (USD/lb)' for key 'market_overview.PRIMARY'")
[2023-02-23 11:57:42,704] {logging_mixin.py:115} INFO - (1062, "Duplicate entry '2023-02-23 00:00:00-Rubber (SGD/kg)' for key 'market_overview.PRIMARY'")
[2023-02-23 11:57:42,940] {logging_mixin.py:115} INFO - (1062, "Duplicate entry '2023-02-23 00:00:00-Sugar (USD/lb)' for key 'market_overview.PRIMARY'")
[2023-02-23 11:57:43,342] {logging_mixin.py:115} INFO - (1062, "Duplicate entry '2023-02-23 00:00:00-Cotton (USD/lb)' for key 'market_overview.PRIMARY'")
[2023-02-23 11:57:43,848] {logging_mixin.py:115} INFO - (1062, "Duplicate entry '2023-02-23 00:00:00-Bitcoin' for key 'market_overview.PRIMARY'")
[2023-02-23 11:57:44,594] {logging_mixin.py:115} INFO - (1062, "Duplicate entry '2023-02-23 00:00:00-Dollar Index' for key 'market_overview.PRIMARY'")
[2023-02-23 11:57:44,957] {logging_mixin.py:115} INFO - (1062, "Duplicate entry '2023-02-23 00:00:00-USD/VND' for key 'market_overview.PRIMARY'")
[2023-02-23 11:57:45,365] {logging_mixin.py:115} INFO - (1062, "Duplicate entry '2023-02-23 00:00:00-USD/CNY' for key 'market_overview.PRIMARY'")
[2023-02-23 11:57:46,109] {logging_mixin.py:115} INFO - (1062, "Duplicate entry '2023-02-23 00:00:00-EUR/USD' for key 'market_overview.PRIMARY'")
[2023-02-23 11:57:46,470] {logging_mixin.py:115} INFO - (1062, "Duplicate entry '2023-02-23 00:00:00-USD/RUB' for key 'market_overview.PRIMARY'")
[2023-02-23 11:57:46,853] {logging_mixin.py:115} INFO - (1062, "Duplicate entry '2023-02-23 00:00:00-GBP/USD' for key 'market_overview.PRIMARY'")
[2023-02-23 11:57:47,142] {logging_mixin.py:115} INFO - (1062, "Duplicate entry '2023-02-23 00:00:00-USD/JPY' for key 'market_overview.PRIMARY'")
[2023-02-23 11:57:47,143] {logging_mixin.py:115} INFO - DONE!!!
[2023-02-23 11:57:47,143] {python.py:173} INFO - Done. Returned value was: None
[2023-02-23 11:57:47,164] {taskinstance.py:1400} INFO - Marking task as SUCCESS. dag_id=get_market_overview, task_id=push_market_overview, execution_date=20230211T170000, start_date=20230223T115733, end_date=20230223T115747
[2023-02-23 11:57:47,196] {local_task_job.py:156} INFO - Task exited with return code 0
[2023-02-23 11:57:47,235] {local_task_job.py:273} INFO - 0 downstream tasks scheduled from follow-on schedule check
