[2023-02-23 12:11:37,458] {taskinstance.py:1159} INFO - Dependencies all met for <TaskInstance: get_market_overview.push_market_overview scheduled__2023-02-23T05:05:00+00:00 [queued]>
[2023-02-23 12:11:37,472] {taskinstance.py:1159} INFO - Dependencies all met for <TaskInstance: get_market_overview.push_market_overview scheduled__2023-02-23T05:05:00+00:00 [queued]>
[2023-02-23 12:11:37,472] {taskinstance.py:1356} INFO - 
--------------------------------------------------------------------------------
[2023-02-23 12:11:37,473] {taskinstance.py:1357} INFO - Starting attempt 1 of 1
[2023-02-23 12:11:37,473] {taskinstance.py:1358} INFO - 
--------------------------------------------------------------------------------
[2023-02-23 12:11:37,499] {taskinstance.py:1377} INFO - Executing <Task(PythonOperator): push_market_overview> on 2023-02-23 05:05:00+00:00
[2023-02-23 12:11:37,506] {standard_task_runner.py:52} INFO - Started process 1019 to run task
[2023-02-23 12:11:37,510] {standard_task_runner.py:79} INFO - Running: ['***', 'tasks', 'run', 'get_market_overview', 'push_market_overview', 'scheduled__2023-02-23T05:05:00+00:00', '--job-id', '48', '--raw', '--subdir', 'DAGS_FOLDER/get_market_over_view_dag.py', '--cfg-path', '/tmp/tmpimmfr9cy', '--error-file', '/tmp/tmphm5mu8tt']
[2023-02-23 12:11:37,511] {standard_task_runner.py:80} INFO - Job 48: Subtask push_market_overview
[2023-02-23 12:11:37,580] {task_command.py:369} INFO - Running <TaskInstance: get_market_overview.push_market_overview scheduled__2023-02-23T05:05:00+00:00 [running]> on host 003d565768d2
[2023-02-23 12:11:37,674] {taskinstance.py:1571} INFO - Exporting the following env vars:
AIRFLOW_CTX_DAG_OWNER=***
AIRFLOW_CTX_DAG_ID=get_market_overview
AIRFLOW_CTX_TASK_ID=push_market_overview
AIRFLOW_CTX_EXECUTION_DATE=2023-02-23T05:05:00+00:00
AIRFLOW_CTX_TRY_NUMBER=1
AIRFLOW_CTX_DAG_RUN_ID=scheduled__2023-02-23T05:05:00+00:00
[2023-02-23 12:11:47,426] {logging_mixin.py:115} INFO - DONE!!!
[2023-02-23 12:11:47,427] {python.py:173} INFO - Done. Returned value was: None
[2023-02-23 12:11:47,449] {taskinstance.py:1400} INFO - Marking task as SUCCESS. dag_id=get_market_overview, task_id=push_market_overview, execution_date=20230223T050500, start_date=20230223T121137, end_date=20230223T121147
[2023-02-23 12:11:47,490] {local_task_job.py:156} INFO - Task exited with return code 0
[2023-02-23 12:11:47,532] {local_task_job.py:273} INFO - 0 downstream tasks scheduled from follow-on schedule check
[2023-02-23 15:00:08,087] {taskinstance.py:1159} INFO - Dependencies all met for <TaskInstance: get_market_overview.push_market_overview scheduled__2023-02-23T05:05:00+00:00 [queued]>
[2023-02-23 15:00:08,094] {taskinstance.py:1159} INFO - Dependencies all met for <TaskInstance: get_market_overview.push_market_overview scheduled__2023-02-23T05:05:00+00:00 [queued]>
[2023-02-23 15:00:08,095] {taskinstance.py:1356} INFO - 
--------------------------------------------------------------------------------
[2023-02-23 15:00:08,095] {taskinstance.py:1357} INFO - Starting attempt 1 of 1
[2023-02-23 15:00:08,095] {taskinstance.py:1358} INFO - 
--------------------------------------------------------------------------------
[2023-02-23 15:00:08,107] {taskinstance.py:1377} INFO - Executing <Task(PythonOperator): push_market_overview> on 2023-02-23 05:05:00+00:00
[2023-02-23 15:00:08,111] {standard_task_runner.py:52} INFO - Started process 266 to run task
[2023-02-23 15:00:08,113] {standard_task_runner.py:79} INFO - Running: ['***', 'tasks', 'run', 'get_market_overview', 'push_market_overview', 'scheduled__2023-02-23T05:05:00+00:00', '--job-id', '2', '--raw', '--subdir', 'DAGS_FOLDER/get_market_over_view_dag.py', '--cfg-path', '/tmp/tmpz8vlds4d', '--error-file', '/tmp/tmpvbmvrhvl']
[2023-02-23 15:00:08,113] {standard_task_runner.py:80} INFO - Job 2: Subtask push_market_overview
[2023-02-23 15:00:08,152] {task_command.py:369} INFO - Running <TaskInstance: get_market_overview.push_market_overview scheduled__2023-02-23T05:05:00+00:00 [running]> on host c6049a298132
[2023-02-23 15:00:08,236] {taskinstance.py:1571} INFO - Exporting the following env vars:
AIRFLOW_CTX_DAG_OWNER=***
AIRFLOW_CTX_DAG_ID=get_market_overview
AIRFLOW_CTX_TASK_ID=push_market_overview
AIRFLOW_CTX_EXECUTION_DATE=2023-02-23T05:05:00+00:00
AIRFLOW_CTX_TRY_NUMBER=1
AIRFLOW_CTX_DAG_RUN_ID=scheduled__2023-02-23T05:05:00+00:00
[2023-02-23 15:00:17,347] {logging_mixin.py:115} INFO - DONE!!!
[2023-02-23 15:00:17,347] {python.py:173} INFO - Done. Returned value was: None
[2023-02-23 15:00:17,379] {taskinstance.py:1400} INFO - Marking task as SUCCESS. dag_id=get_market_overview, task_id=push_market_overview, execution_date=20230223T050500, start_date=20230223T150008, end_date=20230223T150017
[2023-02-23 15:00:17,439] {local_task_job.py:156} INFO - Task exited with return code 0
[2023-02-23 15:00:17,485] {local_task_job.py:273} INFO - 0 downstream tasks scheduled from follow-on schedule check
[2023-02-23 22:54:22,704] {taskinstance.py:1159} INFO - Dependencies all met for <TaskInstance: get_market_overview.push_market_overview scheduled__2023-02-23T05:05:00+00:00 [queued]>
[2023-02-23 22:54:22,713] {taskinstance.py:1159} INFO - Dependencies all met for <TaskInstance: get_market_overview.push_market_overview scheduled__2023-02-23T05:05:00+00:00 [queued]>
[2023-02-23 22:54:22,713] {taskinstance.py:1356} INFO - 
--------------------------------------------------------------------------------
[2023-02-23 22:54:22,713] {taskinstance.py:1357} INFO - Starting attempt 1 of 1
[2023-02-23 22:54:22,713] {taskinstance.py:1358} INFO - 
--------------------------------------------------------------------------------
[2023-02-23 22:54:22,726] {taskinstance.py:1377} INFO - Executing <Task(PythonOperator): push_market_overview> on 2023-02-23 05:05:00+00:00
[2023-02-23 22:54:22,730] {standard_task_runner.py:52} INFO - Started process 352 to run task
[2023-02-23 22:54:22,732] {standard_task_runner.py:79} INFO - Running: ['***', 'tasks', 'run', 'get_market_overview', 'push_market_overview', 'scheduled__2023-02-23T05:05:00+00:00', '--job-id', '2', '--raw', '--subdir', 'DAGS_FOLDER/get_market_over_view_dag.py', '--cfg-path', '/tmp/tmpuzmjl8w8', '--error-file', '/tmp/tmpx0860ygl']
[2023-02-23 22:54:22,733] {standard_task_runner.py:80} INFO - Job 2: Subtask push_market_overview
[2023-02-23 22:54:22,773] {task_command.py:369} INFO - Running <TaskInstance: get_market_overview.push_market_overview scheduled__2023-02-23T05:05:00+00:00 [running]> on host 9d6011c1c155
[2023-02-23 22:54:22,836] {taskinstance.py:1571} INFO - Exporting the following env vars:
AIRFLOW_CTX_DAG_OWNER=***
AIRFLOW_CTX_DAG_ID=get_market_overview
AIRFLOW_CTX_TASK_ID=push_market_overview
AIRFLOW_CTX_EXECUTION_DATE=2023-02-23T05:05:00+00:00
AIRFLOW_CTX_TRY_NUMBER=1
AIRFLOW_CTX_DAG_RUN_ID=scheduled__2023-02-23T05:05:00+00:00
[2023-02-23 22:54:30,992] {logging_mixin.py:115} INFO - DONE!!!
[2023-02-23 22:54:30,993] {python.py:173} INFO - Done. Returned value was: None
[2023-02-23 22:54:31,022] {taskinstance.py:1400} INFO - Marking task as SUCCESS. dag_id=get_market_overview, task_id=push_market_overview, execution_date=20230223T050500, start_date=20230223T225422, end_date=20230223T225431
[2023-02-23 22:54:31,056] {local_task_job.py:156} INFO - Task exited with return code 0
[2023-02-23 22:54:31,102] {local_task_job.py:273} INFO - 0 downstream tasks scheduled from follow-on schedule check
