[2023-02-23 11:57:32,632] {taskinstance.py:1159} INFO - Dependencies all met for <TaskInstance: get_market_overview.push_market_overview scheduled__2023-02-08T17:00:00+00:00 [queued]>
[2023-02-23 11:57:32,658] {taskinstance.py:1159} INFO - Dependencies all met for <TaskInstance: get_market_overview.push_market_overview scheduled__2023-02-08T17:00:00+00:00 [queued]>
[2023-02-23 11:57:32,658] {taskinstance.py:1356} INFO - 
--------------------------------------------------------------------------------
[2023-02-23 11:57:32,658] {taskinstance.py:1357} INFO - Starting attempt 1 of 1
[2023-02-23 11:57:32,658] {taskinstance.py:1358} INFO - 
--------------------------------------------------------------------------------
[2023-02-23 11:57:32,687] {taskinstance.py:1377} INFO - Executing <Task(PythonOperator): push_market_overview> on 2023-02-08 17:00:00+00:00
[2023-02-23 11:57:32,698] {standard_task_runner.py:52} INFO - Started process 743 to run task
[2023-02-23 11:57:32,703] {standard_task_runner.py:79} INFO - Running: ['***', 'tasks', 'run', 'get_market_overview', 'push_market_overview', 'scheduled__2023-02-08T17:00:00+00:00', '--job-id', '33', '--raw', '--subdir', 'DAGS_FOLDER/get_market_over_view_dag.py', '--cfg-path', '/tmp/tmp5zh31jqz', '--error-file', '/tmp/tmpyq6w5xrr']
[2023-02-23 11:57:32,705] {standard_task_runner.py:80} INFO - Job 33: Subtask push_market_overview
[2023-02-23 11:57:32,837] {task_command.py:369} INFO - Running <TaskInstance: get_market_overview.push_market_overview scheduled__2023-02-08T17:00:00+00:00 [running]> on host 003d565768d2
[2023-02-23 11:57:33,052] {taskinstance.py:1571} INFO - Exporting the following env vars:
AIRFLOW_CTX_DAG_OWNER=***
AIRFLOW_CTX_DAG_ID=get_market_overview
AIRFLOW_CTX_TASK_ID=push_market_overview
AIRFLOW_CTX_EXECUTION_DATE=2023-02-08T17:00:00+00:00
AIRFLOW_CTX_TRY_NUMBER=1
AIRFLOW_CTX_DAG_RUN_ID=scheduled__2023-02-08T17:00:00+00:00
[2023-02-23 11:57:36,557] {logging_mixin.py:115} INFO - (1062, "Duplicate entry '2023-02-23 00:00:00-NI225' for key 'market_overview.PRIMARY'")
[2023-02-23 11:57:41,045] {logging_mixin.py:115} INFO - (1062, "Duplicate entry '2023-02-23 00:00:00-Rubber (SGD/kg)' for key 'market_overview.PRIMARY'")
[2023-02-23 11:57:42,626] {logging_mixin.py:115} INFO - (1062, "Duplicate entry '2023-02-23 00:00:00-Cotton (USD/lb)' for key 'market_overview.PRIMARY'")
[2023-02-23 11:57:45,311] {logging_mixin.py:115} INFO - (1062, "Duplicate entry '2023-02-23 00:00:00-USD/RUB' for key 'market_overview.PRIMARY'")
[2023-02-23 11:57:46,470] {logging_mixin.py:115} INFO - DONE!!!
[2023-02-23 11:57:46,471] {python.py:173} INFO - Done. Returned value was: None
[2023-02-23 11:57:46,498] {taskinstance.py:1400} INFO - Marking task as SUCCESS. dag_id=get_market_overview, task_id=push_market_overview, execution_date=20230208T170000, start_date=20230223T115732, end_date=20230223T115746
[2023-02-23 11:57:46,558] {local_task_job.py:156} INFO - Task exited with return code 0
[2023-02-23 11:57:46,593] {local_task_job.py:273} INFO - 0 downstream tasks scheduled from follow-on schedule check
