[2023-02-23 11:57:10,931] {taskinstance.py:1159} INFO - Dependencies all met for <TaskInstance: get_market_overview.push_market_overview scheduled__2023-01-25T17:00:00+00:00 [queued]>
[2023-02-23 11:57:10,947] {taskinstance.py:1159} INFO - Dependencies all met for <TaskInstance: get_market_overview.push_market_overview scheduled__2023-01-25T17:00:00+00:00 [queued]>
[2023-02-23 11:57:10,948] {taskinstance.py:1356} INFO - 
--------------------------------------------------------------------------------
[2023-02-23 11:57:10,948] {taskinstance.py:1357} INFO - Starting attempt 1 of 1
[2023-02-23 11:57:10,948] {taskinstance.py:1358} INFO - 
--------------------------------------------------------------------------------
[2023-02-23 11:57:10,974] {taskinstance.py:1377} INFO - Executing <Task(PythonOperator): push_market_overview> on 2023-01-25 17:00:00+00:00
[2023-02-23 11:57:10,982] {standard_task_runner.py:52} INFO - Started process 696 to run task
[2023-02-23 11:57:10,988] {standard_task_runner.py:79} INFO - Running: ['***', 'tasks', 'run', 'get_market_overview', 'push_market_overview', 'scheduled__2023-01-25T17:00:00+00:00', '--job-id', '19', '--raw', '--subdir', 'DAGS_FOLDER/get_market_over_view_dag.py', '--cfg-path', '/tmp/tmpgbz_cx4h', '--error-file', '/tmp/tmpbyuhw8lo']
[2023-02-23 11:57:10,990] {standard_task_runner.py:80} INFO - Job 19: Subtask push_market_overview
[2023-02-23 11:57:11,079] {task_command.py:369} INFO - Running <TaskInstance: get_market_overview.push_market_overview scheduled__2023-01-25T17:00:00+00:00 [running]> on host 003d565768d2
[2023-02-23 11:57:11,210] {taskinstance.py:1571} INFO - Exporting the following env vars:
AIRFLOW_CTX_DAG_OWNER=***
AIRFLOW_CTX_DAG_ID=get_market_overview
AIRFLOW_CTX_TASK_ID=push_market_overview
AIRFLOW_CTX_EXECUTION_DATE=2023-01-25T17:00:00+00:00
AIRFLOW_CTX_TRY_NUMBER=1
AIRFLOW_CTX_DAG_RUN_ID=scheduled__2023-01-25T17:00:00+00:00
[2023-02-23 11:57:20,152] {logging_mixin.py:115} INFO - DONE!!!
[2023-02-23 11:57:20,153] {python.py:173} INFO - Done. Returned value was: None
[2023-02-23 11:57:20,183] {taskinstance.py:1400} INFO - Marking task as SUCCESS. dag_id=get_market_overview, task_id=push_market_overview, execution_date=20230125T170000, start_date=20230223T115710, end_date=20230223T115720
[2023-02-23 11:57:20,231] {local_task_job.py:156} INFO - Task exited with return code 0
[2023-02-23 11:57:20,280] {local_task_job.py:273} INFO - 0 downstream tasks scheduled from follow-on schedule check
