[2023-02-26 16:52:12,625] {processor.py:153} INFO - Started process (PID=194) to work on /opt/airflow/dags/get_financial_ratio_dag.py
[2023-02-26 16:52:12,626] {processor.py:641} INFO - Processing file /opt/airflow/dags/get_financial_ratio_dag.py for tasks to queue
[2023-02-26 16:52:12,627] {logging_mixin.py:115} INFO - [2023-02-26 16:52:12,627] {dagbag.py:507} INFO - Filling up the DagBag from /opt/airflow/dags/get_financial_ratio_dag.py
[2023-02-26 16:52:12,673] {logging_mixin.py:115} INFO - [2023-02-26 16:52:12,671] {dagbag.py:320} ERROR - Failed to import: /opt/airflow/dags/get_financial_ratio_dag.py
Traceback (most recent call last):
  File "/home/airflow/.local/lib/python3.7/site-packages/airflow/models/dagbag.py", line 317, in parse
    loader.exec_module(new_module)
  File "<frozen importlib._bootstrap_external>", line 728, in exec_module
  File "<frozen importlib._bootstrap>", line 219, in _call_with_frames_removed
  File "/opt/airflow/dags/get_financial_ratio_dag.py", line 7, in <module>
    from scripts.get_financial_ratio import *
  File "/opt/airflow/dags/scripts/get_financial_ratio.py", line 2, in <module>
    from scripts.utils.helper import *
  File "/opt/airflow/dags/scripts/utils/helper.py", line 4, in <module>
    import pymysql
ModuleNotFoundError: No module named 'pymysql'
[2023-02-26 16:52:12,674] {processor.py:653} WARNING - No viable dags retrieved from /opt/airflow/dags/get_financial_ratio_dag.py
[2023-02-26 16:52:12,730] {processor.py:161} INFO - Processing /opt/airflow/dags/get_financial_ratio_dag.py took 0.112 seconds
[2023-02-26 16:52:42,966] {processor.py:153} INFO - Started process (PID=215) to work on /opt/airflow/dags/get_financial_ratio_dag.py
[2023-02-26 16:52:42,969] {processor.py:641} INFO - Processing file /opt/airflow/dags/get_financial_ratio_dag.py for tasks to queue
[2023-02-26 16:52:42,970] {logging_mixin.py:115} INFO - [2023-02-26 16:52:42,970] {dagbag.py:507} INFO - Filling up the DagBag from /opt/airflow/dags/get_financial_ratio_dag.py
[2023-02-26 16:52:42,975] {logging_mixin.py:115} INFO - [2023-02-26 16:52:42,974] {dagbag.py:320} ERROR - Failed to import: /opt/airflow/dags/get_financial_ratio_dag.py
Traceback (most recent call last):
  File "/home/airflow/.local/lib/python3.7/site-packages/airflow/models/dagbag.py", line 317, in parse
    loader.exec_module(new_module)
  File "<frozen importlib._bootstrap_external>", line 728, in exec_module
  File "<frozen importlib._bootstrap>", line 219, in _call_with_frames_removed
  File "/opt/airflow/dags/get_financial_ratio_dag.py", line 7, in <module>
    from scripts.get_financial_ratio import *
  File "/opt/airflow/dags/scripts/get_financial_ratio.py", line 2, in <module>
    from scripts.utils.helper import *
  File "/opt/airflow/dags/scripts/utils/helper.py", line 4, in <module>
    import pymysql
ModuleNotFoundError: No module named 'pymysql'
[2023-02-26 16:52:42,975] {processor.py:653} WARNING - No viable dags retrieved from /opt/airflow/dags/get_financial_ratio_dag.py
[2023-02-26 16:52:42,991] {processor.py:161} INFO - Processing /opt/airflow/dags/get_financial_ratio_dag.py took 0.028 seconds
[2023-02-26 16:53:13,146] {processor.py:153} INFO - Started process (PID=235) to work on /opt/airflow/dags/get_financial_ratio_dag.py
[2023-02-26 16:53:13,149] {processor.py:641} INFO - Processing file /opt/airflow/dags/get_financial_ratio_dag.py for tasks to queue
[2023-02-26 16:53:13,149] {logging_mixin.py:115} INFO - [2023-02-26 16:53:13,149] {dagbag.py:507} INFO - Filling up the DagBag from /opt/airflow/dags/get_financial_ratio_dag.py
[2023-02-26 16:53:13,155] {logging_mixin.py:115} INFO - [2023-02-26 16:53:13,154] {dagbag.py:320} ERROR - Failed to import: /opt/airflow/dags/get_financial_ratio_dag.py
Traceback (most recent call last):
  File "/home/airflow/.local/lib/python3.7/site-packages/airflow/models/dagbag.py", line 317, in parse
    loader.exec_module(new_module)
  File "<frozen importlib._bootstrap_external>", line 728, in exec_module
  File "<frozen importlib._bootstrap>", line 219, in _call_with_frames_removed
  File "/opt/airflow/dags/get_financial_ratio_dag.py", line 7, in <module>
    from scripts.get_financial_ratio import *
  File "/opt/airflow/dags/scripts/get_financial_ratio.py", line 2, in <module>
    from scripts.utils.helper import *
  File "/opt/airflow/dags/scripts/utils/helper.py", line 4, in <module>
    import pymysql
ModuleNotFoundError: No module named 'pymysql'
[2023-02-26 16:53:13,155] {processor.py:653} WARNING - No viable dags retrieved from /opt/airflow/dags/get_financial_ratio_dag.py
[2023-02-26 16:53:13,172] {processor.py:161} INFO - Processing /opt/airflow/dags/get_financial_ratio_dag.py took 0.030 seconds
[2023-02-26 16:53:43,302] {processor.py:153} INFO - Started process (PID=261) to work on /opt/airflow/dags/get_financial_ratio_dag.py
[2023-02-26 16:53:43,303] {processor.py:641} INFO - Processing file /opt/airflow/dags/get_financial_ratio_dag.py for tasks to queue
[2023-02-26 16:53:43,304] {logging_mixin.py:115} INFO - [2023-02-26 16:53:43,303] {dagbag.py:507} INFO - Filling up the DagBag from /opt/airflow/dags/get_financial_ratio_dag.py
[2023-02-26 16:53:43,309] {logging_mixin.py:115} INFO - [2023-02-26 16:53:43,308] {dagbag.py:320} ERROR - Failed to import: /opt/airflow/dags/get_financial_ratio_dag.py
Traceback (most recent call last):
  File "/home/airflow/.local/lib/python3.7/site-packages/airflow/models/dagbag.py", line 317, in parse
    loader.exec_module(new_module)
  File "<frozen importlib._bootstrap_external>", line 728, in exec_module
  File "<frozen importlib._bootstrap>", line 219, in _call_with_frames_removed
  File "/opt/airflow/dags/get_financial_ratio_dag.py", line 7, in <module>
    from scripts.get_financial_ratio import *
  File "/opt/airflow/dags/scripts/get_financial_ratio.py", line 2, in <module>
    from scripts.utils.helper import *
  File "/opt/airflow/dags/scripts/utils/helper.py", line 4, in <module>
    import pymysql
ModuleNotFoundError: No module named 'pymysql'
[2023-02-26 16:53:43,309] {processor.py:653} WARNING - No viable dags retrieved from /opt/airflow/dags/get_financial_ratio_dag.py
[2023-02-26 16:53:43,328] {processor.py:161} INFO - Processing /opt/airflow/dags/get_financial_ratio_dag.py took 0.028 seconds
[2023-02-26 16:54:13,472] {processor.py:153} INFO - Started process (PID=287) to work on /opt/airflow/dags/get_financial_ratio_dag.py
[2023-02-26 16:54:13,475] {processor.py:641} INFO - Processing file /opt/airflow/dags/get_financial_ratio_dag.py for tasks to queue
[2023-02-26 16:54:13,476] {logging_mixin.py:115} INFO - [2023-02-26 16:54:13,475] {dagbag.py:507} INFO - Filling up the DagBag from /opt/airflow/dags/get_financial_ratio_dag.py
[2023-02-26 16:54:13,484] {logging_mixin.py:115} INFO - [2023-02-26 16:54:13,483] {dagbag.py:320} ERROR - Failed to import: /opt/airflow/dags/get_financial_ratio_dag.py
Traceback (most recent call last):
  File "/home/airflow/.local/lib/python3.7/site-packages/airflow/models/dagbag.py", line 317, in parse
    loader.exec_module(new_module)
  File "<frozen importlib._bootstrap_external>", line 728, in exec_module
  File "<frozen importlib._bootstrap>", line 219, in _call_with_frames_removed
  File "/opt/airflow/dags/get_financial_ratio_dag.py", line 7, in <module>
    from scripts.get_financial_ratio import *
  File "/opt/airflow/dags/scripts/get_financial_ratio.py", line 2, in <module>
    from scripts.utils.helper import *
  File "/opt/airflow/dags/scripts/utils/helper.py", line 4, in <module>
    import pymysql
ModuleNotFoundError: No module named 'pymysql'
[2023-02-26 16:54:13,484] {processor.py:653} WARNING - No viable dags retrieved from /opt/airflow/dags/get_financial_ratio_dag.py
[2023-02-26 16:54:13,501] {processor.py:161} INFO - Processing /opt/airflow/dags/get_financial_ratio_dag.py took 0.032 seconds
[2023-02-26 16:54:43,648] {processor.py:153} INFO - Started process (PID=307) to work on /opt/airflow/dags/get_financial_ratio_dag.py
[2023-02-26 16:54:43,651] {processor.py:641} INFO - Processing file /opt/airflow/dags/get_financial_ratio_dag.py for tasks to queue
[2023-02-26 16:54:43,652] {logging_mixin.py:115} INFO - [2023-02-26 16:54:43,652] {dagbag.py:507} INFO - Filling up the DagBag from /opt/airflow/dags/get_financial_ratio_dag.py
[2023-02-26 16:54:43,657] {logging_mixin.py:115} INFO - [2023-02-26 16:54:43,656] {dagbag.py:320} ERROR - Failed to import: /opt/airflow/dags/get_financial_ratio_dag.py
Traceback (most recent call last):
  File "/home/airflow/.local/lib/python3.7/site-packages/airflow/models/dagbag.py", line 317, in parse
    loader.exec_module(new_module)
  File "<frozen importlib._bootstrap_external>", line 728, in exec_module
  File "<frozen importlib._bootstrap>", line 219, in _call_with_frames_removed
  File "/opt/airflow/dags/get_financial_ratio_dag.py", line 7, in <module>
    from scripts.get_financial_ratio import *
  File "/opt/airflow/dags/scripts/get_financial_ratio.py", line 2, in <module>
    from scripts.utils.helper import *
  File "/opt/airflow/dags/scripts/utils/helper.py", line 4, in <module>
    import pymysql
ModuleNotFoundError: No module named 'pymysql'
[2023-02-26 16:54:43,657] {processor.py:653} WARNING - No viable dags retrieved from /opt/airflow/dags/get_financial_ratio_dag.py
[2023-02-26 16:54:43,674] {processor.py:161} INFO - Processing /opt/airflow/dags/get_financial_ratio_dag.py took 0.029 seconds
[2023-02-26 16:55:13,819] {processor.py:153} INFO - Started process (PID=327) to work on /opt/airflow/dags/get_financial_ratio_dag.py
[2023-02-26 16:55:13,822] {processor.py:641} INFO - Processing file /opt/airflow/dags/get_financial_ratio_dag.py for tasks to queue
[2023-02-26 16:55:13,823] {logging_mixin.py:115} INFO - [2023-02-26 16:55:13,823] {dagbag.py:507} INFO - Filling up the DagBag from /opt/airflow/dags/get_financial_ratio_dag.py
[2023-02-26 16:55:13,830] {logging_mixin.py:115} INFO - [2023-02-26 16:55:13,829] {dagbag.py:320} ERROR - Failed to import: /opt/airflow/dags/get_financial_ratio_dag.py
Traceback (most recent call last):
  File "/home/airflow/.local/lib/python3.7/site-packages/airflow/models/dagbag.py", line 317, in parse
    loader.exec_module(new_module)
  File "<frozen importlib._bootstrap_external>", line 728, in exec_module
  File "<frozen importlib._bootstrap>", line 219, in _call_with_frames_removed
  File "/opt/airflow/dags/get_financial_ratio_dag.py", line 7, in <module>
    from scripts.get_financial_ratio import *
  File "/opt/airflow/dags/scripts/get_financial_ratio.py", line 2, in <module>
    from scripts.utils.helper import *
  File "/opt/airflow/dags/scripts/utils/helper.py", line 4, in <module>
    import pymysql
ModuleNotFoundError: No module named 'pymysql'
[2023-02-26 16:55:13,831] {processor.py:653} WARNING - No viable dags retrieved from /opt/airflow/dags/get_financial_ratio_dag.py
[2023-02-26 16:55:13,850] {processor.py:161} INFO - Processing /opt/airflow/dags/get_financial_ratio_dag.py took 0.034 seconds
[2023-02-26 16:55:44,000] {processor.py:153} INFO - Started process (PID=347) to work on /opt/airflow/dags/get_financial_ratio_dag.py
[2023-02-26 16:55:44,003] {processor.py:641} INFO - Processing file /opt/airflow/dags/get_financial_ratio_dag.py for tasks to queue
[2023-02-26 16:55:44,004] {logging_mixin.py:115} INFO - [2023-02-26 16:55:44,004] {dagbag.py:507} INFO - Filling up the DagBag from /opt/airflow/dags/get_financial_ratio_dag.py
[2023-02-26 16:55:44,012] {logging_mixin.py:115} INFO - [2023-02-26 16:55:44,011] {dagbag.py:320} ERROR - Failed to import: /opt/airflow/dags/get_financial_ratio_dag.py
Traceback (most recent call last):
  File "/home/airflow/.local/lib/python3.7/site-packages/airflow/models/dagbag.py", line 317, in parse
    loader.exec_module(new_module)
  File "<frozen importlib._bootstrap_external>", line 728, in exec_module
  File "<frozen importlib._bootstrap>", line 219, in _call_with_frames_removed
  File "/opt/airflow/dags/get_financial_ratio_dag.py", line 7, in <module>
    from scripts.get_financial_ratio import *
  File "/opt/airflow/dags/scripts/get_financial_ratio.py", line 2, in <module>
    from scripts.utils.helper import *
  File "/opt/airflow/dags/scripts/utils/helper.py", line 4, in <module>
    import pymysql
ModuleNotFoundError: No module named 'pymysql'
[2023-02-26 16:55:44,012] {processor.py:653} WARNING - No viable dags retrieved from /opt/airflow/dags/get_financial_ratio_dag.py
[2023-02-26 16:55:44,029] {processor.py:161} INFO - Processing /opt/airflow/dags/get_financial_ratio_dag.py took 0.035 seconds
[2023-02-26 16:56:14,174] {processor.py:153} INFO - Started process (PID=367) to work on /opt/airflow/dags/get_financial_ratio_dag.py
[2023-02-26 16:56:14,177] {processor.py:641} INFO - Processing file /opt/airflow/dags/get_financial_ratio_dag.py for tasks to queue
[2023-02-26 16:56:14,178] {logging_mixin.py:115} INFO - [2023-02-26 16:56:14,177] {dagbag.py:507} INFO - Filling up the DagBag from /opt/airflow/dags/get_financial_ratio_dag.py
[2023-02-26 16:56:14,185] {logging_mixin.py:115} INFO - [2023-02-26 16:56:14,184] {dagbag.py:320} ERROR - Failed to import: /opt/airflow/dags/get_financial_ratio_dag.py
Traceback (most recent call last):
  File "/home/airflow/.local/lib/python3.7/site-packages/airflow/models/dagbag.py", line 317, in parse
    loader.exec_module(new_module)
  File "<frozen importlib._bootstrap_external>", line 728, in exec_module
  File "<frozen importlib._bootstrap>", line 219, in _call_with_frames_removed
  File "/opt/airflow/dags/get_financial_ratio_dag.py", line 7, in <module>
    from scripts.get_financial_ratio import *
  File "/opt/airflow/dags/scripts/get_financial_ratio.py", line 2, in <module>
    from scripts.utils.helper import *
  File "/opt/airflow/dags/scripts/utils/helper.py", line 4, in <module>
    import pymysql
ModuleNotFoundError: No module named 'pymysql'
[2023-02-26 16:56:14,185] {processor.py:653} WARNING - No viable dags retrieved from /opt/airflow/dags/get_financial_ratio_dag.py
[2023-02-26 16:56:14,202] {processor.py:161} INFO - Processing /opt/airflow/dags/get_financial_ratio_dag.py took 0.031 seconds
[2023-02-26 16:56:44,340] {processor.py:153} INFO - Started process (PID=387) to work on /opt/airflow/dags/get_financial_ratio_dag.py
[2023-02-26 16:56:44,344] {processor.py:641} INFO - Processing file /opt/airflow/dags/get_financial_ratio_dag.py for tasks to queue
[2023-02-26 16:56:44,344] {logging_mixin.py:115} INFO - [2023-02-26 16:56:44,344] {dagbag.py:507} INFO - Filling up the DagBag from /opt/airflow/dags/get_financial_ratio_dag.py
[2023-02-26 16:56:44,353] {logging_mixin.py:115} INFO - [2023-02-26 16:56:44,352] {dagbag.py:320} ERROR - Failed to import: /opt/airflow/dags/get_financial_ratio_dag.py
Traceback (most recent call last):
  File "/home/airflow/.local/lib/python3.7/site-packages/airflow/models/dagbag.py", line 317, in parse
    loader.exec_module(new_module)
  File "<frozen importlib._bootstrap_external>", line 728, in exec_module
  File "<frozen importlib._bootstrap>", line 219, in _call_with_frames_removed
  File "/opt/airflow/dags/get_financial_ratio_dag.py", line 7, in <module>
    from scripts.get_financial_ratio import *
  File "/opt/airflow/dags/scripts/get_financial_ratio.py", line 2, in <module>
    from scripts.utils.helper import *
  File "/opt/airflow/dags/scripts/utils/helper.py", line 4, in <module>
    import pymysql
ModuleNotFoundError: No module named 'pymysql'
[2023-02-26 16:56:44,353] {processor.py:653} WARNING - No viable dags retrieved from /opt/airflow/dags/get_financial_ratio_dag.py
[2023-02-26 16:56:44,373] {processor.py:161} INFO - Processing /opt/airflow/dags/get_financial_ratio_dag.py took 0.036 seconds
[2023-02-26 16:57:14,533] {processor.py:153} INFO - Started process (PID=407) to work on /opt/airflow/dags/get_financial_ratio_dag.py
[2023-02-26 16:57:14,536] {processor.py:641} INFO - Processing file /opt/airflow/dags/get_financial_ratio_dag.py for tasks to queue
[2023-02-26 16:57:14,537] {logging_mixin.py:115} INFO - [2023-02-26 16:57:14,537] {dagbag.py:507} INFO - Filling up the DagBag from /opt/airflow/dags/get_financial_ratio_dag.py
[2023-02-26 16:57:14,542] {logging_mixin.py:115} INFO - [2023-02-26 16:57:14,541] {dagbag.py:320} ERROR - Failed to import: /opt/airflow/dags/get_financial_ratio_dag.py
Traceback (most recent call last):
  File "/home/airflow/.local/lib/python3.7/site-packages/airflow/models/dagbag.py", line 317, in parse
    loader.exec_module(new_module)
  File "<frozen importlib._bootstrap_external>", line 728, in exec_module
  File "<frozen importlib._bootstrap>", line 219, in _call_with_frames_removed
  File "/opt/airflow/dags/get_financial_ratio_dag.py", line 7, in <module>
    from scripts.get_financial_ratio import *
  File "/opt/airflow/dags/scripts/get_financial_ratio.py", line 2, in <module>
    from scripts.utils.helper import *
  File "/opt/airflow/dags/scripts/utils/helper.py", line 4, in <module>
    import pymysql
ModuleNotFoundError: No module named 'pymysql'
[2023-02-26 16:57:14,542] {processor.py:653} WARNING - No viable dags retrieved from /opt/airflow/dags/get_financial_ratio_dag.py
[2023-02-26 16:57:14,559] {processor.py:161} INFO - Processing /opt/airflow/dags/get_financial_ratio_dag.py took 0.029 seconds
[2023-02-26 16:57:44,697] {processor.py:153} INFO - Started process (PID=432) to work on /opt/airflow/dags/get_financial_ratio_dag.py
[2023-02-26 16:57:44,698] {processor.py:641} INFO - Processing file /opt/airflow/dags/get_financial_ratio_dag.py for tasks to queue
[2023-02-26 16:57:44,699] {logging_mixin.py:115} INFO - [2023-02-26 16:57:44,699] {dagbag.py:507} INFO - Filling up the DagBag from /opt/airflow/dags/get_financial_ratio_dag.py
[2023-02-26 16:57:44,705] {logging_mixin.py:115} INFO - [2023-02-26 16:57:44,704] {dagbag.py:320} ERROR - Failed to import: /opt/airflow/dags/get_financial_ratio_dag.py
Traceback (most recent call last):
  File "/home/airflow/.local/lib/python3.7/site-packages/airflow/models/dagbag.py", line 317, in parse
    loader.exec_module(new_module)
  File "<frozen importlib._bootstrap_external>", line 728, in exec_module
  File "<frozen importlib._bootstrap>", line 219, in _call_with_frames_removed
  File "/opt/airflow/dags/get_financial_ratio_dag.py", line 7, in <module>
    from scripts.get_financial_ratio import *
  File "/opt/airflow/dags/scripts/get_financial_ratio.py", line 2, in <module>
    from scripts.utils.helper import *
  File "/opt/airflow/dags/scripts/utils/helper.py", line 4, in <module>
    import pymysql
ModuleNotFoundError: No module named 'pymysql'
[2023-02-26 16:57:44,705] {processor.py:653} WARNING - No viable dags retrieved from /opt/airflow/dags/get_financial_ratio_dag.py
[2023-02-26 16:57:44,724] {processor.py:161} INFO - Processing /opt/airflow/dags/get_financial_ratio_dag.py took 0.030 seconds
[2023-02-26 16:58:14,851] {processor.py:153} INFO - Started process (PID=453) to work on /opt/airflow/dags/get_financial_ratio_dag.py
[2023-02-26 16:58:14,852] {processor.py:641} INFO - Processing file /opt/airflow/dags/get_financial_ratio_dag.py for tasks to queue
[2023-02-26 16:58:14,852] {logging_mixin.py:115} INFO - [2023-02-26 16:58:14,852] {dagbag.py:507} INFO - Filling up the DagBag from /opt/airflow/dags/get_financial_ratio_dag.py
[2023-02-26 16:58:14,859] {logging_mixin.py:115} INFO - [2023-02-26 16:58:14,858] {dagbag.py:320} ERROR - Failed to import: /opt/airflow/dags/get_financial_ratio_dag.py
Traceback (most recent call last):
  File "/home/airflow/.local/lib/python3.7/site-packages/airflow/models/dagbag.py", line 317, in parse
    loader.exec_module(new_module)
  File "<frozen importlib._bootstrap_external>", line 728, in exec_module
  File "<frozen importlib._bootstrap>", line 219, in _call_with_frames_removed
  File "/opt/airflow/dags/get_financial_ratio_dag.py", line 7, in <module>
    from scripts.get_financial_ratio import *
  File "/opt/airflow/dags/scripts/get_financial_ratio.py", line 2, in <module>
    from scripts.utils.helper import *
  File "/opt/airflow/dags/scripts/utils/helper.py", line 4, in <module>
    import pymysql
ModuleNotFoundError: No module named 'pymysql'
[2023-02-26 16:58:14,859] {processor.py:653} WARNING - No viable dags retrieved from /opt/airflow/dags/get_financial_ratio_dag.py
[2023-02-26 16:58:14,878] {processor.py:161} INFO - Processing /opt/airflow/dags/get_financial_ratio_dag.py took 0.029 seconds
[2023-02-26 16:58:45,022] {processor.py:153} INFO - Started process (PID=479) to work on /opt/airflow/dags/get_financial_ratio_dag.py
[2023-02-26 16:58:45,025] {processor.py:641} INFO - Processing file /opt/airflow/dags/get_financial_ratio_dag.py for tasks to queue
[2023-02-26 16:58:45,025] {logging_mixin.py:115} INFO - [2023-02-26 16:58:45,025] {dagbag.py:507} INFO - Filling up the DagBag from /opt/airflow/dags/get_financial_ratio_dag.py
[2023-02-26 16:58:45,382] {processor.py:651} INFO - DAG(s) dict_keys(['get_financial_ratio']) retrieved from /opt/airflow/dags/get_financial_ratio_dag.py
[2023-02-26 16:58:45,454] {logging_mixin.py:115} INFO - [2023-02-26 16:58:45,453] {manager.py:508} INFO - Created Permission View: can read on DAG:get_financial_ratio
[2023-02-26 16:58:45,462] {logging_mixin.py:115} INFO - [2023-02-26 16:58:45,462] {manager.py:508} INFO - Created Permission View: can edit on DAG:get_financial_ratio
[2023-02-26 16:58:45,468] {logging_mixin.py:115} INFO - [2023-02-26 16:58:45,468] {manager.py:508} INFO - Created Permission View: can delete on DAG:get_financial_ratio
[2023-02-26 16:58:45,469] {logging_mixin.py:115} INFO - [2023-02-26 16:58:45,468] {dag.py:2371} INFO - Sync 1 DAGs
[2023-02-26 16:58:45,475] {logging_mixin.py:115} INFO - [2023-02-26 16:58:45,475] {dag.py:2390} INFO - Creating ORM DAG for get_financial_ratio
[2023-02-26 16:58:45,485] {logging_mixin.py:115} INFO - [2023-02-26 16:58:45,485] {dag.py:2919} INFO - Setting next_dagrun for get_financial_ratio to 2023-02-26T22:00:00+00:00, run_after=2023-03-05T22:00:00+00:00
[2023-02-26 16:58:45,496] {processor.py:161} INFO - Processing /opt/airflow/dags/get_financial_ratio_dag.py took 0.478 seconds
[2023-02-26 16:59:15,999] {processor.py:153} INFO - Started process (PID=503) to work on /opt/airflow/dags/get_financial_ratio_dag.py
[2023-02-26 16:59:15,999] {processor.py:641} INFO - Processing file /opt/airflow/dags/get_financial_ratio_dag.py for tasks to queue
[2023-02-26 16:59:16,001] {logging_mixin.py:115} INFO - [2023-02-26 16:59:16,000] {dagbag.py:507} INFO - Filling up the DagBag from /opt/airflow/dags/get_financial_ratio_dag.py
[2023-02-26 16:59:16,295] {processor.py:651} INFO - DAG(s) dict_keys(['get_financial_ratio']) retrieved from /opt/airflow/dags/get_financial_ratio_dag.py
[2023-02-26 16:59:16,310] {logging_mixin.py:115} INFO - [2023-02-26 16:59:16,310] {dag.py:2371} INFO - Sync 1 DAGs
[2023-02-26 16:59:16,327] {logging_mixin.py:115} INFO - [2023-02-26 16:59:16,327] {dag.py:2919} INFO - Setting next_dagrun for get_financial_ratio to 2023-02-26T22:00:00+00:00, run_after=2023-03-05T22:00:00+00:00
[2023-02-26 16:59:16,336] {processor.py:161} INFO - Processing /opt/airflow/dags/get_financial_ratio_dag.py took 0.343 seconds
[2023-02-26 16:59:46,454] {processor.py:153} INFO - Started process (PID=527) to work on /opt/airflow/dags/get_financial_ratio_dag.py
[2023-02-26 16:59:46,458] {processor.py:641} INFO - Processing file /opt/airflow/dags/get_financial_ratio_dag.py for tasks to queue
[2023-02-26 16:59:46,458] {logging_mixin.py:115} INFO - [2023-02-26 16:59:46,458] {dagbag.py:507} INFO - Filling up the DagBag from /opt/airflow/dags/get_financial_ratio_dag.py
[2023-02-26 16:59:46,750] {processor.py:651} INFO - DAG(s) dict_keys(['get_financial_ratio']) retrieved from /opt/airflow/dags/get_financial_ratio_dag.py
[2023-02-26 16:59:46,766] {logging_mixin.py:115} INFO - [2023-02-26 16:59:46,766] {dag.py:2371} INFO - Sync 1 DAGs
[2023-02-26 16:59:46,788] {logging_mixin.py:115} INFO - [2023-02-26 16:59:46,788] {dag.py:2919} INFO - Setting next_dagrun for get_financial_ratio to 2023-02-26T22:00:00+00:00, run_after=2023-03-05T22:00:00+00:00
[2023-02-26 16:59:46,797] {processor.py:161} INFO - Processing /opt/airflow/dags/get_financial_ratio_dag.py took 0.346 seconds
[2023-02-26 17:00:17,243] {processor.py:153} INFO - Started process (PID=551) to work on /opt/airflow/dags/get_financial_ratio_dag.py
[2023-02-26 17:00:17,244] {processor.py:641} INFO - Processing file /opt/airflow/dags/get_financial_ratio_dag.py for tasks to queue
[2023-02-26 17:00:17,244] {logging_mixin.py:115} INFO - [2023-02-26 17:00:17,244] {dagbag.py:507} INFO - Filling up the DagBag from /opt/airflow/dags/get_financial_ratio_dag.py
[2023-02-26 17:00:17,620] {processor.py:651} INFO - DAG(s) dict_keys(['get_financial_ratio']) retrieved from /opt/airflow/dags/get_financial_ratio_dag.py
[2023-02-26 17:00:17,638] {logging_mixin.py:115} INFO - [2023-02-26 17:00:17,637] {dag.py:2371} INFO - Sync 1 DAGs
[2023-02-26 17:00:17,658] {logging_mixin.py:115} INFO - [2023-02-26 17:00:17,658] {dag.py:2919} INFO - Setting next_dagrun for get_financial_ratio to 2023-02-26T22:00:00+00:00, run_after=2023-03-05T22:00:00+00:00
[2023-02-26 17:00:17,668] {processor.py:161} INFO - Processing /opt/airflow/dags/get_financial_ratio_dag.py took 0.428 seconds
[2023-02-26 17:00:48,136] {processor.py:153} INFO - Started process (PID=596) to work on /opt/airflow/dags/get_financial_ratio_dag.py
[2023-02-26 17:00:48,137] {processor.py:641} INFO - Processing file /opt/airflow/dags/get_financial_ratio_dag.py for tasks to queue
[2023-02-26 17:00:48,138] {logging_mixin.py:115} INFO - [2023-02-26 17:00:48,138] {dagbag.py:507} INFO - Filling up the DagBag from /opt/airflow/dags/get_financial_ratio_dag.py
[2023-02-26 17:00:48,962] {processor.py:651} INFO - DAG(s) dict_keys(['get_financial_ratio']) retrieved from /opt/airflow/dags/get_financial_ratio_dag.py
[2023-02-26 17:00:48,976] {logging_mixin.py:115} INFO - [2023-02-26 17:00:48,976] {dag.py:2371} INFO - Sync 1 DAGs
[2023-02-26 17:00:48,994] {logging_mixin.py:115} INFO - [2023-02-26 17:00:48,994] {dag.py:2919} INFO - Setting next_dagrun for get_financial_ratio to 2023-02-26T22:00:00+00:00, run_after=2023-03-05T22:00:00+00:00
[2023-02-26 17:00:49,006] {processor.py:161} INFO - Processing /opt/airflow/dags/get_financial_ratio_dag.py took 0.876 seconds
[2023-02-26 17:01:19,508] {processor.py:153} INFO - Started process (PID=620) to work on /opt/airflow/dags/get_financial_ratio_dag.py
[2023-02-26 17:01:19,511] {processor.py:641} INFO - Processing file /opt/airflow/dags/get_financial_ratio_dag.py for tasks to queue
[2023-02-26 17:01:19,512] {logging_mixin.py:115} INFO - [2023-02-26 17:01:19,511] {dagbag.py:507} INFO - Filling up the DagBag from /opt/airflow/dags/get_financial_ratio_dag.py
[2023-02-26 17:01:19,885] {processor.py:651} INFO - DAG(s) dict_keys(['get_financial_ratio']) retrieved from /opt/airflow/dags/get_financial_ratio_dag.py
[2023-02-26 17:01:19,904] {logging_mixin.py:115} INFO - [2023-02-26 17:01:19,903] {dag.py:2371} INFO - Sync 1 DAGs
[2023-02-26 17:01:19,926] {logging_mixin.py:115} INFO - [2023-02-26 17:01:19,926] {dag.py:2919} INFO - Setting next_dagrun for get_financial_ratio to 2023-02-26T22:00:00+00:00, run_after=2023-03-05T22:00:00+00:00
[2023-02-26 17:01:19,941] {processor.py:161} INFO - Processing /opt/airflow/dags/get_financial_ratio_dag.py took 0.436 seconds
[2023-02-26 17:01:50,464] {processor.py:153} INFO - Started process (PID=644) to work on /opt/airflow/dags/get_financial_ratio_dag.py
[2023-02-26 17:01:50,465] {processor.py:641} INFO - Processing file /opt/airflow/dags/get_financial_ratio_dag.py for tasks to queue
[2023-02-26 17:01:50,465] {logging_mixin.py:115} INFO - [2023-02-26 17:01:50,465] {dagbag.py:507} INFO - Filling up the DagBag from /opt/airflow/dags/get_financial_ratio_dag.py
[2023-02-26 17:01:50,775] {processor.py:651} INFO - DAG(s) dict_keys(['get_financial_ratio']) retrieved from /opt/airflow/dags/get_financial_ratio_dag.py
[2023-02-26 17:01:50,789] {logging_mixin.py:115} INFO - [2023-02-26 17:01:50,789] {dag.py:2371} INFO - Sync 1 DAGs
[2023-02-26 17:01:50,807] {logging_mixin.py:115} INFO - [2023-02-26 17:01:50,807] {dag.py:2919} INFO - Setting next_dagrun for get_financial_ratio to 2023-02-26T22:00:00+00:00, run_after=2023-03-05T22:00:00+00:00
[2023-02-26 17:01:50,815] {processor.py:161} INFO - Processing /opt/airflow/dags/get_financial_ratio_dag.py took 0.354 seconds
[2023-02-26 17:02:21,349] {processor.py:153} INFO - Started process (PID=668) to work on /opt/airflow/dags/get_financial_ratio_dag.py
[2023-02-26 17:02:21,350] {processor.py:641} INFO - Processing file /opt/airflow/dags/get_financial_ratio_dag.py for tasks to queue
[2023-02-26 17:02:21,350] {logging_mixin.py:115} INFO - [2023-02-26 17:02:21,350] {dagbag.py:507} INFO - Filling up the DagBag from /opt/airflow/dags/get_financial_ratio_dag.py
[2023-02-26 17:02:21,642] {processor.py:651} INFO - DAG(s) dict_keys(['get_financial_ratio']) retrieved from /opt/airflow/dags/get_financial_ratio_dag.py
[2023-02-26 17:02:21,657] {logging_mixin.py:115} INFO - [2023-02-26 17:02:21,657] {dag.py:2371} INFO - Sync 1 DAGs
[2023-02-26 17:02:21,675] {logging_mixin.py:115} INFO - [2023-02-26 17:02:21,675] {dag.py:2919} INFO - Setting next_dagrun for get_financial_ratio to 2023-02-26T22:00:00+00:00, run_after=2023-03-05T22:00:00+00:00
[2023-02-26 17:02:21,684] {processor.py:161} INFO - Processing /opt/airflow/dags/get_financial_ratio_dag.py took 0.338 seconds
[2023-02-26 17:02:52,170] {processor.py:153} INFO - Started process (PID=692) to work on /opt/airflow/dags/get_financial_ratio_dag.py
[2023-02-26 17:02:52,173] {processor.py:641} INFO - Processing file /opt/airflow/dags/get_financial_ratio_dag.py for tasks to queue
[2023-02-26 17:02:52,174] {logging_mixin.py:115} INFO - [2023-02-26 17:02:52,174] {dagbag.py:507} INFO - Filling up the DagBag from /opt/airflow/dags/get_financial_ratio_dag.py
[2023-02-26 17:02:52,467] {processor.py:651} INFO - DAG(s) dict_keys(['get_financial_ratio']) retrieved from /opt/airflow/dags/get_financial_ratio_dag.py
[2023-02-26 17:02:52,481] {logging_mixin.py:115} INFO - [2023-02-26 17:02:52,481] {dag.py:2371} INFO - Sync 1 DAGs
[2023-02-26 17:02:52,500] {logging_mixin.py:115} INFO - [2023-02-26 17:02:52,500] {dag.py:2919} INFO - Setting next_dagrun for get_financial_ratio to 2023-02-26T22:00:00+00:00, run_after=2023-03-05T22:00:00+00:00
[2023-02-26 17:02:52,509] {processor.py:161} INFO - Processing /opt/airflow/dags/get_financial_ratio_dag.py took 0.343 seconds
[2023-02-26 17:03:22,952] {processor.py:153} INFO - Started process (PID=716) to work on /opt/airflow/dags/get_financial_ratio_dag.py
[2023-02-26 17:03:22,953] {processor.py:641} INFO - Processing file /opt/airflow/dags/get_financial_ratio_dag.py for tasks to queue
[2023-02-26 17:03:22,953] {logging_mixin.py:115} INFO - [2023-02-26 17:03:22,953] {dagbag.py:507} INFO - Filling up the DagBag from /opt/airflow/dags/get_financial_ratio_dag.py
[2023-02-26 17:03:23,333] {processor.py:651} INFO - DAG(s) dict_keys(['get_financial_ratio']) retrieved from /opt/airflow/dags/get_financial_ratio_dag.py
[2023-02-26 17:03:23,347] {logging_mixin.py:115} INFO - [2023-02-26 17:03:23,347] {dag.py:2371} INFO - Sync 1 DAGs
[2023-02-26 17:03:23,367] {logging_mixin.py:115} INFO - [2023-02-26 17:03:23,366] {dag.py:2919} INFO - Setting next_dagrun for get_financial_ratio to 2023-02-26T22:00:00+00:00, run_after=2023-03-05T22:00:00+00:00
[2023-02-26 17:03:23,386] {processor.py:161} INFO - Processing /opt/airflow/dags/get_financial_ratio_dag.py took 0.436 seconds
[2023-02-26 17:03:53,841] {processor.py:153} INFO - Started process (PID=740) to work on /opt/airflow/dags/get_financial_ratio_dag.py
[2023-02-26 17:03:53,844] {processor.py:641} INFO - Processing file /opt/airflow/dags/get_financial_ratio_dag.py for tasks to queue
[2023-02-26 17:03:53,844] {logging_mixin.py:115} INFO - [2023-02-26 17:03:53,844] {dagbag.py:507} INFO - Filling up the DagBag from /opt/airflow/dags/get_financial_ratio_dag.py
[2023-02-26 17:03:54,151] {processor.py:651} INFO - DAG(s) dict_keys(['get_financial_ratio']) retrieved from /opt/airflow/dags/get_financial_ratio_dag.py
[2023-02-26 17:03:54,165] {logging_mixin.py:115} INFO - [2023-02-26 17:03:54,164] {dag.py:2371} INFO - Sync 1 DAGs
[2023-02-26 17:03:54,182] {logging_mixin.py:115} INFO - [2023-02-26 17:03:54,182] {dag.py:2919} INFO - Setting next_dagrun for get_financial_ratio to 2023-02-26T22:00:00+00:00, run_after=2023-03-05T22:00:00+00:00
[2023-02-26 17:03:54,192] {processor.py:161} INFO - Processing /opt/airflow/dags/get_financial_ratio_dag.py took 0.355 seconds
