[2023-02-26 16:52:12,648] {processor.py:153} INFO - Started process (PID=197) to work on /opt/airflow/dags/get_market_over_view_dag.py
[2023-02-26 16:52:12,649] {processor.py:641} INFO - Processing file /opt/airflow/dags/get_market_over_view_dag.py for tasks to queue
[2023-02-26 16:52:12,650] {logging_mixin.py:115} INFO - [2023-02-26 16:52:12,650] {dagbag.py:507} INFO - Filling up the DagBag from /opt/airflow/dags/get_market_over_view_dag.py
[2023-02-26 16:52:12,673] {logging_mixin.py:115} INFO - [2023-02-26 16:52:12,670] {dagbag.py:320} ERROR - Failed to import: /opt/airflow/dags/get_market_over_view_dag.py
Traceback (most recent call last):
  File "/home/airflow/.local/lib/python3.7/site-packages/airflow/models/dagbag.py", line 317, in parse
    loader.exec_module(new_module)
  File "<frozen importlib._bootstrap_external>", line 728, in exec_module
  File "<frozen importlib._bootstrap>", line 219, in _call_with_frames_removed
  File "/opt/airflow/dags/get_market_over_view_dag.py", line 7, in <module>
    from scripts.get_market_overview import *
  File "/opt/airflow/dags/scripts/get_market_overview.py", line 2, in <module>
    from scripts.utils.helper import *
  File "/opt/airflow/dags/scripts/utils/helper.py", line 4, in <module>
    import pymysql
ModuleNotFoundError: No module named 'pymysql'
[2023-02-26 16:52:12,674] {processor.py:653} WARNING - No viable dags retrieved from /opt/airflow/dags/get_market_over_view_dag.py
[2023-02-26 16:52:12,735] {processor.py:161} INFO - Processing /opt/airflow/dags/get_market_over_view_dag.py took 0.093 seconds
[2023-02-26 16:52:42,969] {processor.py:153} INFO - Started process (PID=218) to work on /opt/airflow/dags/get_market_over_view_dag.py
[2023-02-26 16:52:42,970] {processor.py:641} INFO - Processing file /opt/airflow/dags/get_market_over_view_dag.py for tasks to queue
[2023-02-26 16:52:42,970] {logging_mixin.py:115} INFO - [2023-02-26 16:52:42,970] {dagbag.py:507} INFO - Filling up the DagBag from /opt/airflow/dags/get_market_over_view_dag.py
[2023-02-26 16:52:42,975] {logging_mixin.py:115} INFO - [2023-02-26 16:52:42,974] {dagbag.py:320} ERROR - Failed to import: /opt/airflow/dags/get_market_over_view_dag.py
Traceback (most recent call last):
  File "/home/airflow/.local/lib/python3.7/site-packages/airflow/models/dagbag.py", line 317, in parse
    loader.exec_module(new_module)
  File "<frozen importlib._bootstrap_external>", line 728, in exec_module
  File "<frozen importlib._bootstrap>", line 219, in _call_with_frames_removed
  File "/opt/airflow/dags/get_market_over_view_dag.py", line 7, in <module>
    from scripts.get_market_overview import *
  File "/opt/airflow/dags/scripts/get_market_overview.py", line 2, in <module>
    from scripts.utils.helper import *
  File "/opt/airflow/dags/scripts/utils/helper.py", line 4, in <module>
    import pymysql
ModuleNotFoundError: No module named 'pymysql'
[2023-02-26 16:52:42,975] {processor.py:653} WARNING - No viable dags retrieved from /opt/airflow/dags/get_market_over_view_dag.py
[2023-02-26 16:52:43,006] {processor.py:161} INFO - Processing /opt/airflow/dags/get_market_over_view_dag.py took 0.039 seconds
[2023-02-26 16:53:13,148] {processor.py:153} INFO - Started process (PID=238) to work on /opt/airflow/dags/get_market_over_view_dag.py
[2023-02-26 16:53:13,149] {processor.py:641} INFO - Processing file /opt/airflow/dags/get_market_over_view_dag.py for tasks to queue
[2023-02-26 16:53:13,149] {logging_mixin.py:115} INFO - [2023-02-26 16:53:13,149] {dagbag.py:507} INFO - Filling up the DagBag from /opt/airflow/dags/get_market_over_view_dag.py
[2023-02-26 16:53:13,155] {logging_mixin.py:115} INFO - [2023-02-26 16:53:13,154] {dagbag.py:320} ERROR - Failed to import: /opt/airflow/dags/get_market_over_view_dag.py
Traceback (most recent call last):
  File "/home/airflow/.local/lib/python3.7/site-packages/airflow/models/dagbag.py", line 317, in parse
    loader.exec_module(new_module)
  File "<frozen importlib._bootstrap_external>", line 728, in exec_module
  File "<frozen importlib._bootstrap>", line 219, in _call_with_frames_removed
  File "/opt/airflow/dags/get_market_over_view_dag.py", line 7, in <module>
    from scripts.get_market_overview import *
  File "/opt/airflow/dags/scripts/get_market_overview.py", line 2, in <module>
    from scripts.utils.helper import *
  File "/opt/airflow/dags/scripts/utils/helper.py", line 4, in <module>
    import pymysql
ModuleNotFoundError: No module named 'pymysql'
[2023-02-26 16:53:13,155] {processor.py:653} WARNING - No viable dags retrieved from /opt/airflow/dags/get_market_over_view_dag.py
[2023-02-26 16:53:13,172] {processor.py:161} INFO - Processing /opt/airflow/dags/get_market_over_view_dag.py took 0.026 seconds
[2023-02-26 16:53:43,306] {processor.py:153} INFO - Started process (PID=264) to work on /opt/airflow/dags/get_market_over_view_dag.py
[2023-02-26 16:53:43,307] {processor.py:641} INFO - Processing file /opt/airflow/dags/get_market_over_view_dag.py for tasks to queue
[2023-02-26 16:53:43,307] {logging_mixin.py:115} INFO - [2023-02-26 16:53:43,307] {dagbag.py:507} INFO - Filling up the DagBag from /opt/airflow/dags/get_market_over_view_dag.py
[2023-02-26 16:53:43,313] {logging_mixin.py:115} INFO - [2023-02-26 16:53:43,313] {dagbag.py:320} ERROR - Failed to import: /opt/airflow/dags/get_market_over_view_dag.py
Traceback (most recent call last):
  File "/home/airflow/.local/lib/python3.7/site-packages/airflow/models/dagbag.py", line 317, in parse
    loader.exec_module(new_module)
  File "<frozen importlib._bootstrap_external>", line 728, in exec_module
  File "<frozen importlib._bootstrap>", line 219, in _call_with_frames_removed
  File "/opt/airflow/dags/get_market_over_view_dag.py", line 7, in <module>
    from scripts.get_market_overview import *
  File "/opt/airflow/dags/scripts/get_market_overview.py", line 2, in <module>
    from scripts.utils.helper import *
  File "/opt/airflow/dags/scripts/utils/helper.py", line 4, in <module>
    import pymysql
ModuleNotFoundError: No module named 'pymysql'
[2023-02-26 16:53:43,314] {processor.py:653} WARNING - No viable dags retrieved from /opt/airflow/dags/get_market_over_view_dag.py
[2023-02-26 16:53:43,331] {processor.py:161} INFO - Processing /opt/airflow/dags/get_market_over_view_dag.py took 0.027 seconds
[2023-02-26 16:54:13,476] {processor.py:153} INFO - Started process (PID=290) to work on /opt/airflow/dags/get_market_over_view_dag.py
[2023-02-26 16:54:13,476] {processor.py:641} INFO - Processing file /opt/airflow/dags/get_market_over_view_dag.py for tasks to queue
[2023-02-26 16:54:13,477] {logging_mixin.py:115} INFO - [2023-02-26 16:54:13,476] {dagbag.py:507} INFO - Filling up the DagBag from /opt/airflow/dags/get_market_over_view_dag.py
[2023-02-26 16:54:13,484] {logging_mixin.py:115} INFO - [2023-02-26 16:54:13,483] {dagbag.py:320} ERROR - Failed to import: /opt/airflow/dags/get_market_over_view_dag.py
Traceback (most recent call last):
  File "/home/airflow/.local/lib/python3.7/site-packages/airflow/models/dagbag.py", line 317, in parse
    loader.exec_module(new_module)
  File "<frozen importlib._bootstrap_external>", line 728, in exec_module
  File "<frozen importlib._bootstrap>", line 219, in _call_with_frames_removed
  File "/opt/airflow/dags/get_market_over_view_dag.py", line 7, in <module>
    from scripts.get_market_overview import *
  File "/opt/airflow/dags/scripts/get_market_overview.py", line 2, in <module>
    from scripts.utils.helper import *
  File "/opt/airflow/dags/scripts/utils/helper.py", line 4, in <module>
    import pymysql
ModuleNotFoundError: No module named 'pymysql'
[2023-02-26 16:54:13,485] {processor.py:653} WARNING - No viable dags retrieved from /opt/airflow/dags/get_market_over_view_dag.py
[2023-02-26 16:54:13,502] {processor.py:161} INFO - Processing /opt/airflow/dags/get_market_over_view_dag.py took 0.028 seconds
[2023-02-26 16:54:43,652] {processor.py:153} INFO - Started process (PID=310) to work on /opt/airflow/dags/get_market_over_view_dag.py
[2023-02-26 16:54:43,652] {processor.py:641} INFO - Processing file /opt/airflow/dags/get_market_over_view_dag.py for tasks to queue
[2023-02-26 16:54:43,653] {logging_mixin.py:115} INFO - [2023-02-26 16:54:43,653] {dagbag.py:507} INFO - Filling up the DagBag from /opt/airflow/dags/get_market_over_view_dag.py
[2023-02-26 16:54:43,657] {logging_mixin.py:115} INFO - [2023-02-26 16:54:43,657] {dagbag.py:320} ERROR - Failed to import: /opt/airflow/dags/get_market_over_view_dag.py
Traceback (most recent call last):
  File "/home/airflow/.local/lib/python3.7/site-packages/airflow/models/dagbag.py", line 317, in parse
    loader.exec_module(new_module)
  File "<frozen importlib._bootstrap_external>", line 728, in exec_module
  File "<frozen importlib._bootstrap>", line 219, in _call_with_frames_removed
  File "/opt/airflow/dags/get_market_over_view_dag.py", line 7, in <module>
    from scripts.get_market_overview import *
  File "/opt/airflow/dags/scripts/get_market_overview.py", line 2, in <module>
    from scripts.utils.helper import *
  File "/opt/airflow/dags/scripts/utils/helper.py", line 4, in <module>
    import pymysql
ModuleNotFoundError: No module named 'pymysql'
[2023-02-26 16:54:43,658] {processor.py:653} WARNING - No viable dags retrieved from /opt/airflow/dags/get_market_over_view_dag.py
[2023-02-26 16:54:43,673] {processor.py:161} INFO - Processing /opt/airflow/dags/get_market_over_view_dag.py took 0.023 seconds
[2023-02-26 16:55:13,822] {processor.py:153} INFO - Started process (PID=330) to work on /opt/airflow/dags/get_market_over_view_dag.py
[2023-02-26 16:55:13,823] {processor.py:641} INFO - Processing file /opt/airflow/dags/get_market_over_view_dag.py for tasks to queue
[2023-02-26 16:55:13,823] {logging_mixin.py:115} INFO - [2023-02-26 16:55:13,823] {dagbag.py:507} INFO - Filling up the DagBag from /opt/airflow/dags/get_market_over_view_dag.py
[2023-02-26 16:55:13,830] {logging_mixin.py:115} INFO - [2023-02-26 16:55:13,829] {dagbag.py:320} ERROR - Failed to import: /opt/airflow/dags/get_market_over_view_dag.py
Traceback (most recent call last):
  File "/home/airflow/.local/lib/python3.7/site-packages/airflow/models/dagbag.py", line 317, in parse
    loader.exec_module(new_module)
  File "<frozen importlib._bootstrap_external>", line 728, in exec_module
  File "<frozen importlib._bootstrap>", line 219, in _call_with_frames_removed
  File "/opt/airflow/dags/get_market_over_view_dag.py", line 7, in <module>
    from scripts.get_market_overview import *
  File "/opt/airflow/dags/scripts/get_market_overview.py", line 2, in <module>
    from scripts.utils.helper import *
  File "/opt/airflow/dags/scripts/utils/helper.py", line 4, in <module>
    import pymysql
ModuleNotFoundError: No module named 'pymysql'
[2023-02-26 16:55:13,831] {processor.py:653} WARNING - No viable dags retrieved from /opt/airflow/dags/get_market_over_view_dag.py
[2023-02-26 16:55:13,850] {processor.py:161} INFO - Processing /opt/airflow/dags/get_market_over_view_dag.py took 0.030 seconds
[2023-02-26 16:55:44,002] {processor.py:153} INFO - Started process (PID=350) to work on /opt/airflow/dags/get_market_over_view_dag.py
[2023-02-26 16:55:44,003] {processor.py:641} INFO - Processing file /opt/airflow/dags/get_market_over_view_dag.py for tasks to queue
[2023-02-26 16:55:44,004] {logging_mixin.py:115} INFO - [2023-02-26 16:55:44,004] {dagbag.py:507} INFO - Filling up the DagBag from /opt/airflow/dags/get_market_over_view_dag.py
[2023-02-26 16:55:44,012] {logging_mixin.py:115} INFO - [2023-02-26 16:55:44,011] {dagbag.py:320} ERROR - Failed to import: /opt/airflow/dags/get_market_over_view_dag.py
Traceback (most recent call last):
  File "/home/airflow/.local/lib/python3.7/site-packages/airflow/models/dagbag.py", line 317, in parse
    loader.exec_module(new_module)
  File "<frozen importlib._bootstrap_external>", line 728, in exec_module
  File "<frozen importlib._bootstrap>", line 219, in _call_with_frames_removed
  File "/opt/airflow/dags/get_market_over_view_dag.py", line 7, in <module>
    from scripts.get_market_overview import *
  File "/opt/airflow/dags/scripts/get_market_overview.py", line 2, in <module>
    from scripts.utils.helper import *
  File "/opt/airflow/dags/scripts/utils/helper.py", line 4, in <module>
    import pymysql
ModuleNotFoundError: No module named 'pymysql'
[2023-02-26 16:55:44,012] {processor.py:653} WARNING - No viable dags retrieved from /opt/airflow/dags/get_market_over_view_dag.py
[2023-02-26 16:55:44,029] {processor.py:161} INFO - Processing /opt/airflow/dags/get_market_over_view_dag.py took 0.028 seconds
[2023-02-26 16:56:14,177] {processor.py:153} INFO - Started process (PID=370) to work on /opt/airflow/dags/get_market_over_view_dag.py
[2023-02-26 16:56:14,177] {processor.py:641} INFO - Processing file /opt/airflow/dags/get_market_over_view_dag.py for tasks to queue
[2023-02-26 16:56:14,178] {logging_mixin.py:115} INFO - [2023-02-26 16:56:14,178] {dagbag.py:507} INFO - Filling up the DagBag from /opt/airflow/dags/get_market_over_view_dag.py
[2023-02-26 16:56:14,184] {logging_mixin.py:115} INFO - [2023-02-26 16:56:14,183] {dagbag.py:320} ERROR - Failed to import: /opt/airflow/dags/get_market_over_view_dag.py
Traceback (most recent call last):
  File "/home/airflow/.local/lib/python3.7/site-packages/airflow/models/dagbag.py", line 317, in parse
    loader.exec_module(new_module)
  File "<frozen importlib._bootstrap_external>", line 728, in exec_module
  File "<frozen importlib._bootstrap>", line 219, in _call_with_frames_removed
  File "/opt/airflow/dags/get_market_over_view_dag.py", line 7, in <module>
    from scripts.get_market_overview import *
  File "/opt/airflow/dags/scripts/get_market_overview.py", line 2, in <module>
    from scripts.utils.helper import *
  File "/opt/airflow/dags/scripts/utils/helper.py", line 4, in <module>
    import pymysql
ModuleNotFoundError: No module named 'pymysql'
[2023-02-26 16:56:14,185] {processor.py:653} WARNING - No viable dags retrieved from /opt/airflow/dags/get_market_over_view_dag.py
[2023-02-26 16:56:14,201] {processor.py:161} INFO - Processing /opt/airflow/dags/get_market_over_view_dag.py took 0.026 seconds
[2023-02-26 16:56:44,344] {processor.py:153} INFO - Started process (PID=390) to work on /opt/airflow/dags/get_market_over_view_dag.py
[2023-02-26 16:56:44,344] {processor.py:641} INFO - Processing file /opt/airflow/dags/get_market_over_view_dag.py for tasks to queue
[2023-02-26 16:56:44,344] {logging_mixin.py:115} INFO - [2023-02-26 16:56:44,344] {dagbag.py:507} INFO - Filling up the DagBag from /opt/airflow/dags/get_market_over_view_dag.py
[2023-02-26 16:56:44,353] {logging_mixin.py:115} INFO - [2023-02-26 16:56:44,352] {dagbag.py:320} ERROR - Failed to import: /opt/airflow/dags/get_market_over_view_dag.py
Traceback (most recent call last):
  File "/home/airflow/.local/lib/python3.7/site-packages/airflow/models/dagbag.py", line 317, in parse
    loader.exec_module(new_module)
  File "<frozen importlib._bootstrap_external>", line 728, in exec_module
  File "<frozen importlib._bootstrap>", line 219, in _call_with_frames_removed
  File "/opt/airflow/dags/get_market_over_view_dag.py", line 7, in <module>
    from scripts.get_market_overview import *
  File "/opt/airflow/dags/scripts/get_market_overview.py", line 2, in <module>
    from scripts.utils.helper import *
  File "/opt/airflow/dags/scripts/utils/helper.py", line 4, in <module>
    import pymysql
ModuleNotFoundError: No module named 'pymysql'
[2023-02-26 16:56:44,353] {processor.py:653} WARNING - No viable dags retrieved from /opt/airflow/dags/get_market_over_view_dag.py
[2023-02-26 16:56:44,373] {processor.py:161} INFO - Processing /opt/airflow/dags/get_market_over_view_dag.py took 0.031 seconds
[2023-02-26 16:57:14,536] {processor.py:153} INFO - Started process (PID=410) to work on /opt/airflow/dags/get_market_over_view_dag.py
[2023-02-26 16:57:14,537] {processor.py:641} INFO - Processing file /opt/airflow/dags/get_market_over_view_dag.py for tasks to queue
[2023-02-26 16:57:14,537] {logging_mixin.py:115} INFO - [2023-02-26 16:57:14,537] {dagbag.py:507} INFO - Filling up the DagBag from /opt/airflow/dags/get_market_over_view_dag.py
[2023-02-26 16:57:14,542] {logging_mixin.py:115} INFO - [2023-02-26 16:57:14,541] {dagbag.py:320} ERROR - Failed to import: /opt/airflow/dags/get_market_over_view_dag.py
Traceback (most recent call last):
  File "/home/airflow/.local/lib/python3.7/site-packages/airflow/models/dagbag.py", line 317, in parse
    loader.exec_module(new_module)
  File "<frozen importlib._bootstrap_external>", line 728, in exec_module
  File "<frozen importlib._bootstrap>", line 219, in _call_with_frames_removed
  File "/opt/airflow/dags/get_market_over_view_dag.py", line 7, in <module>
    from scripts.get_market_overview import *
  File "/opt/airflow/dags/scripts/get_market_overview.py", line 2, in <module>
    from scripts.utils.helper import *
  File "/opt/airflow/dags/scripts/utils/helper.py", line 4, in <module>
    import pymysql
ModuleNotFoundError: No module named 'pymysql'
[2023-02-26 16:57:14,542] {processor.py:653} WARNING - No viable dags retrieved from /opt/airflow/dags/get_market_over_view_dag.py
[2023-02-26 16:57:14,559] {processor.py:161} INFO - Processing /opt/airflow/dags/get_market_over_view_dag.py took 0.025 seconds
[2023-02-26 16:57:44,701] {processor.py:153} INFO - Started process (PID=435) to work on /opt/airflow/dags/get_market_over_view_dag.py
[2023-02-26 16:57:44,701] {processor.py:641} INFO - Processing file /opt/airflow/dags/get_market_over_view_dag.py for tasks to queue
[2023-02-26 16:57:44,702] {logging_mixin.py:115} INFO - [2023-02-26 16:57:44,702] {dagbag.py:507} INFO - Filling up the DagBag from /opt/airflow/dags/get_market_over_view_dag.py
[2023-02-26 16:57:44,708] {logging_mixin.py:115} INFO - [2023-02-26 16:57:44,707] {dagbag.py:320} ERROR - Failed to import: /opt/airflow/dags/get_market_over_view_dag.py
Traceback (most recent call last):
  File "/home/airflow/.local/lib/python3.7/site-packages/airflow/models/dagbag.py", line 317, in parse
    loader.exec_module(new_module)
  File "<frozen importlib._bootstrap_external>", line 728, in exec_module
  File "<frozen importlib._bootstrap>", line 219, in _call_with_frames_removed
  File "/opt/airflow/dags/get_market_over_view_dag.py", line 7, in <module>
    from scripts.get_market_overview import *
  File "/opt/airflow/dags/scripts/get_market_overview.py", line 2, in <module>
    from scripts.utils.helper import *
  File "/opt/airflow/dags/scripts/utils/helper.py", line 4, in <module>
    import pymysql
ModuleNotFoundError: No module named 'pymysql'
[2023-02-26 16:57:44,708] {processor.py:653} WARNING - No viable dags retrieved from /opt/airflow/dags/get_market_over_view_dag.py
[2023-02-26 16:57:44,724] {processor.py:161} INFO - Processing /opt/airflow/dags/get_market_over_view_dag.py took 0.026 seconds
[2023-02-26 16:58:14,856] {processor.py:153} INFO - Started process (PID=456) to work on /opt/airflow/dags/get_market_over_view_dag.py
[2023-02-26 16:58:14,856] {processor.py:641} INFO - Processing file /opt/airflow/dags/get_market_over_view_dag.py for tasks to queue
[2023-02-26 16:58:14,857] {logging_mixin.py:115} INFO - [2023-02-26 16:58:14,856] {dagbag.py:507} INFO - Filling up the DagBag from /opt/airflow/dags/get_market_over_view_dag.py
[2023-02-26 16:58:14,863] {logging_mixin.py:115} INFO - [2023-02-26 16:58:14,862] {dagbag.py:320} ERROR - Failed to import: /opt/airflow/dags/get_market_over_view_dag.py
Traceback (most recent call last):
  File "/home/airflow/.local/lib/python3.7/site-packages/airflow/models/dagbag.py", line 317, in parse
    loader.exec_module(new_module)
  File "<frozen importlib._bootstrap_external>", line 728, in exec_module
  File "<frozen importlib._bootstrap>", line 219, in _call_with_frames_removed
  File "/opt/airflow/dags/get_market_over_view_dag.py", line 7, in <module>
    from scripts.get_market_overview import *
  File "/opt/airflow/dags/scripts/get_market_overview.py", line 2, in <module>
    from scripts.utils.helper import *
  File "/opt/airflow/dags/scripts/utils/helper.py", line 4, in <module>
    import pymysql
ModuleNotFoundError: No module named 'pymysql'
[2023-02-26 16:58:14,863] {processor.py:653} WARNING - No viable dags retrieved from /opt/airflow/dags/get_market_over_view_dag.py
[2023-02-26 16:58:14,881] {processor.py:161} INFO - Processing /opt/airflow/dags/get_market_over_view_dag.py took 0.028 seconds
[2023-02-26 16:58:45,025] {processor.py:153} INFO - Started process (PID=482) to work on /opt/airflow/dags/get_market_over_view_dag.py
[2023-02-26 16:58:45,025] {processor.py:641} INFO - Processing file /opt/airflow/dags/get_market_over_view_dag.py for tasks to queue
[2023-02-26 16:58:45,026] {logging_mixin.py:115} INFO - [2023-02-26 16:58:45,026] {dagbag.py:507} INFO - Filling up the DagBag from /opt/airflow/dags/get_market_over_view_dag.py
[2023-02-26 16:58:45,383] {processor.py:651} INFO - DAG(s) dict_keys(['get_market_overview']) retrieved from /opt/airflow/dags/get_market_over_view_dag.py
[2023-02-26 16:58:45,447] {logging_mixin.py:115} INFO - [2023-02-26 16:58:45,447] {manager.py:508} INFO - Created Permission View: can read on DAG:get_market_overview
[2023-02-26 16:58:45,456] {logging_mixin.py:115} INFO - [2023-02-26 16:58:45,456] {manager.py:508} INFO - Created Permission View: can edit on DAG:get_market_overview
[2023-02-26 16:58:45,463] {logging_mixin.py:115} INFO - [2023-02-26 16:58:45,463] {manager.py:508} INFO - Created Permission View: can delete on DAG:get_market_overview
[2023-02-26 16:58:45,463] {logging_mixin.py:115} INFO - [2023-02-26 16:58:45,463] {dag.py:2371} INFO - Sync 1 DAGs
[2023-02-26 16:58:45,469] {logging_mixin.py:115} INFO - [2023-02-26 16:58:45,469] {dag.py:2390} INFO - Creating ORM DAG for get_market_overview
[2023-02-26 16:58:45,479] {logging_mixin.py:115} INFO - [2023-02-26 16:58:45,479] {dag.py:2919} INFO - Setting next_dagrun for get_market_overview to 2023-02-23T05:05:00+00:00, run_after=2023-02-23T08:05:00+00:00
[2023-02-26 16:58:45,491] {processor.py:161} INFO - Processing /opt/airflow/dags/get_market_over_view_dag.py took 0.468 seconds
[2023-02-26 16:59:16,004] {processor.py:153} INFO - Started process (PID=506) to work on /opt/airflow/dags/get_market_over_view_dag.py
[2023-02-26 16:59:16,004] {processor.py:641} INFO - Processing file /opt/airflow/dags/get_market_over_view_dag.py for tasks to queue
[2023-02-26 16:59:16,005] {logging_mixin.py:115} INFO - [2023-02-26 16:59:16,005] {dagbag.py:507} INFO - Filling up the DagBag from /opt/airflow/dags/get_market_over_view_dag.py
[2023-02-26 16:59:16,276] {processor.py:651} INFO - DAG(s) dict_keys(['get_market_overview']) retrieved from /opt/airflow/dags/get_market_over_view_dag.py
[2023-02-26 16:59:16,291] {logging_mixin.py:115} INFO - [2023-02-26 16:59:16,291] {dag.py:2371} INFO - Sync 1 DAGs
[2023-02-26 16:59:16,309] {logging_mixin.py:115} INFO - [2023-02-26 16:59:16,309] {dag.py:2919} INFO - Setting next_dagrun for get_market_overview to 2023-02-23T05:05:00+00:00, run_after=2023-02-23T08:05:00+00:00
[2023-02-26 16:59:16,317] {processor.py:161} INFO - Processing /opt/airflow/dags/get_market_over_view_dag.py took 0.316 seconds
[2023-02-26 16:59:46,458] {processor.py:153} INFO - Started process (PID=530) to work on /opt/airflow/dags/get_market_over_view_dag.py
[2023-02-26 16:59:46,459] {processor.py:641} INFO - Processing file /opt/airflow/dags/get_market_over_view_dag.py for tasks to queue
[2023-02-26 16:59:46,459] {logging_mixin.py:115} INFO - [2023-02-26 16:59:46,459] {dagbag.py:507} INFO - Filling up the DagBag from /opt/airflow/dags/get_market_over_view_dag.py
[2023-02-26 16:59:46,752] {processor.py:651} INFO - DAG(s) dict_keys(['get_market_overview']) retrieved from /opt/airflow/dags/get_market_over_view_dag.py
[2023-02-26 16:59:46,769] {logging_mixin.py:115} INFO - [2023-02-26 16:59:46,768] {dag.py:2371} INFO - Sync 1 DAGs
[2023-02-26 16:59:46,789] {logging_mixin.py:115} INFO - [2023-02-26 16:59:46,789] {dag.py:2919} INFO - Setting next_dagrun for get_market_overview to 2023-02-23T05:05:00+00:00, run_after=2023-02-23T08:05:00+00:00
[2023-02-26 16:59:46,799] {processor.py:161} INFO - Processing /opt/airflow/dags/get_market_over_view_dag.py took 0.343 seconds
[2023-02-26 17:00:17,248] {processor.py:153} INFO - Started process (PID=554) to work on /opt/airflow/dags/get_market_over_view_dag.py
[2023-02-26 17:00:17,248] {processor.py:641} INFO - Processing file /opt/airflow/dags/get_market_over_view_dag.py for tasks to queue
[2023-02-26 17:00:17,248] {logging_mixin.py:115} INFO - [2023-02-26 17:00:17,248] {dagbag.py:507} INFO - Filling up the DagBag from /opt/airflow/dags/get_market_over_view_dag.py
[2023-02-26 17:00:17,606] {processor.py:651} INFO - DAG(s) dict_keys(['get_market_overview']) retrieved from /opt/airflow/dags/get_market_over_view_dag.py
[2023-02-26 17:00:17,624] {logging_mixin.py:115} INFO - [2023-02-26 17:00:17,623] {dag.py:2371} INFO - Sync 1 DAGs
[2023-02-26 17:00:17,643] {logging_mixin.py:115} INFO - [2023-02-26 17:00:17,643] {dag.py:2919} INFO - Setting next_dagrun for get_market_overview to 2023-02-23T05:05:00+00:00, run_after=2023-02-23T08:05:00+00:00
[2023-02-26 17:00:17,653] {processor.py:161} INFO - Processing /opt/airflow/dags/get_market_over_view_dag.py took 0.407 seconds
[2023-02-26 17:00:48,141] {processor.py:153} INFO - Started process (PID=599) to work on /opt/airflow/dags/get_market_over_view_dag.py
[2023-02-26 17:00:48,141] {processor.py:641} INFO - Processing file /opt/airflow/dags/get_market_over_view_dag.py for tasks to queue
[2023-02-26 17:00:48,142] {logging_mixin.py:115} INFO - [2023-02-26 17:00:48,142] {dagbag.py:507} INFO - Filling up the DagBag from /opt/airflow/dags/get_market_over_view_dag.py
[2023-02-26 17:00:48,959] {processor.py:651} INFO - DAG(s) dict_keys(['get_market_overview']) retrieved from /opt/airflow/dags/get_market_over_view_dag.py
[2023-02-26 17:00:48,974] {logging_mixin.py:115} INFO - [2023-02-26 17:00:48,974] {dag.py:2371} INFO - Sync 1 DAGs
[2023-02-26 17:00:48,992] {logging_mixin.py:115} INFO - [2023-02-26 17:00:48,992] {dag.py:2919} INFO - Setting next_dagrun for get_market_overview to 2023-02-25T08:05:00+00:00, run_after=2023-02-27T05:05:00+00:00
[2023-02-26 17:00:49,004] {processor.py:161} INFO - Processing /opt/airflow/dags/get_market_over_view_dag.py took 0.865 seconds
[2023-02-26 17:01:19,513] {processor.py:153} INFO - Started process (PID=623) to work on /opt/airflow/dags/get_market_over_view_dag.py
[2023-02-26 17:01:19,513] {processor.py:641} INFO - Processing file /opt/airflow/dags/get_market_over_view_dag.py for tasks to queue
[2023-02-26 17:01:19,514] {logging_mixin.py:115} INFO - [2023-02-26 17:01:19,514] {dagbag.py:507} INFO - Filling up the DagBag from /opt/airflow/dags/get_market_over_view_dag.py
[2023-02-26 17:01:19,875] {processor.py:651} INFO - DAG(s) dict_keys(['get_market_overview']) retrieved from /opt/airflow/dags/get_market_over_view_dag.py
[2023-02-26 17:01:19,895] {logging_mixin.py:115} INFO - [2023-02-26 17:01:19,894] {dag.py:2371} INFO - Sync 1 DAGs
[2023-02-26 17:01:19,917] {logging_mixin.py:115} INFO - [2023-02-26 17:01:19,917] {dag.py:2919} INFO - Setting next_dagrun for get_market_overview to 2023-02-25T08:05:00+00:00, run_after=2023-02-27T05:05:00+00:00
[2023-02-26 17:01:19,930] {processor.py:161} INFO - Processing /opt/airflow/dags/get_market_over_view_dag.py took 0.420 seconds
[2023-02-26 17:01:50,467] {processor.py:153} INFO - Started process (PID=647) to work on /opt/airflow/dags/get_market_over_view_dag.py
[2023-02-26 17:01:50,468] {processor.py:641} INFO - Processing file /opt/airflow/dags/get_market_over_view_dag.py for tasks to queue
[2023-02-26 17:01:50,468] {logging_mixin.py:115} INFO - [2023-02-26 17:01:50,468] {dagbag.py:507} INFO - Filling up the DagBag from /opt/airflow/dags/get_market_over_view_dag.py
[2023-02-26 17:01:50,776] {processor.py:651} INFO - DAG(s) dict_keys(['get_market_overview']) retrieved from /opt/airflow/dags/get_market_over_view_dag.py
[2023-02-26 17:01:50,793] {logging_mixin.py:115} INFO - [2023-02-26 17:01:50,793] {dag.py:2371} INFO - Sync 1 DAGs
[2023-02-26 17:01:50,813] {logging_mixin.py:115} INFO - [2023-02-26 17:01:50,813] {dag.py:2919} INFO - Setting next_dagrun for get_market_overview to 2023-02-25T08:05:00+00:00, run_after=2023-02-27T05:05:00+00:00
[2023-02-26 17:01:50,822] {processor.py:161} INFO - Processing /opt/airflow/dags/get_market_over_view_dag.py took 0.357 seconds
[2023-02-26 17:02:21,353] {processor.py:153} INFO - Started process (PID=671) to work on /opt/airflow/dags/get_market_over_view_dag.py
[2023-02-26 17:02:21,353] {processor.py:641} INFO - Processing file /opt/airflow/dags/get_market_over_view_dag.py for tasks to queue
[2023-02-26 17:02:21,354] {logging_mixin.py:115} INFO - [2023-02-26 17:02:21,354] {dagbag.py:507} INFO - Filling up the DagBag from /opt/airflow/dags/get_market_over_view_dag.py
[2023-02-26 17:02:21,644] {processor.py:651} INFO - DAG(s) dict_keys(['get_market_overview']) retrieved from /opt/airflow/dags/get_market_over_view_dag.py
[2023-02-26 17:02:21,659] {logging_mixin.py:115} INFO - [2023-02-26 17:02:21,658] {dag.py:2371} INFO - Sync 1 DAGs
[2023-02-26 17:02:21,676] {logging_mixin.py:115} INFO - [2023-02-26 17:02:21,676] {dag.py:2919} INFO - Setting next_dagrun for get_market_overview to 2023-02-25T08:05:00+00:00, run_after=2023-02-27T05:05:00+00:00
[2023-02-26 17:02:21,685] {processor.py:161} INFO - Processing /opt/airflow/dags/get_market_over_view_dag.py took 0.335 seconds
[2023-02-26 17:02:52,173] {processor.py:153} INFO - Started process (PID=695) to work on /opt/airflow/dags/get_market_over_view_dag.py
[2023-02-26 17:02:52,174] {processor.py:641} INFO - Processing file /opt/airflow/dags/get_market_over_view_dag.py for tasks to queue
[2023-02-26 17:02:52,175] {logging_mixin.py:115} INFO - [2023-02-26 17:02:52,175] {dagbag.py:507} INFO - Filling up the DagBag from /opt/airflow/dags/get_market_over_view_dag.py
[2023-02-26 17:02:52,466] {processor.py:651} INFO - DAG(s) dict_keys(['get_market_overview']) retrieved from /opt/airflow/dags/get_market_over_view_dag.py
[2023-02-26 17:02:52,480] {logging_mixin.py:115} INFO - [2023-02-26 17:02:52,480] {dag.py:2371} INFO - Sync 1 DAGs
[2023-02-26 17:02:52,499] {logging_mixin.py:115} INFO - [2023-02-26 17:02:52,499] {dag.py:2919} INFO - Setting next_dagrun for get_market_overview to 2023-02-25T08:05:00+00:00, run_after=2023-02-27T05:05:00+00:00
[2023-02-26 17:02:52,508] {processor.py:161} INFO - Processing /opt/airflow/dags/get_market_over_view_dag.py took 0.338 seconds
[2023-02-26 17:03:22,957] {processor.py:153} INFO - Started process (PID=719) to work on /opt/airflow/dags/get_market_over_view_dag.py
[2023-02-26 17:03:22,958] {processor.py:641} INFO - Processing file /opt/airflow/dags/get_market_over_view_dag.py for tasks to queue
[2023-02-26 17:03:22,958] {logging_mixin.py:115} INFO - [2023-02-26 17:03:22,958] {dagbag.py:507} INFO - Filling up the DagBag from /opt/airflow/dags/get_market_over_view_dag.py
[2023-02-26 17:03:23,303] {processor.py:651} INFO - DAG(s) dict_keys(['get_market_overview']) retrieved from /opt/airflow/dags/get_market_over_view_dag.py
[2023-02-26 17:03:23,317] {logging_mixin.py:115} INFO - [2023-02-26 17:03:23,317] {dag.py:2371} INFO - Sync 1 DAGs
[2023-02-26 17:03:23,335] {logging_mixin.py:115} INFO - [2023-02-26 17:03:23,335] {dag.py:2919} INFO - Setting next_dagrun for get_market_overview to 2023-02-25T08:05:00+00:00, run_after=2023-02-27T05:05:00+00:00
[2023-02-26 17:03:23,347] {processor.py:161} INFO - Processing /opt/airflow/dags/get_market_over_view_dag.py took 0.393 seconds
[2023-02-26 17:03:53,844] {processor.py:153} INFO - Started process (PID=743) to work on /opt/airflow/dags/get_market_over_view_dag.py
[2023-02-26 17:03:53,845] {processor.py:641} INFO - Processing file /opt/airflow/dags/get_market_over_view_dag.py for tasks to queue
[2023-02-26 17:03:53,845] {logging_mixin.py:115} INFO - [2023-02-26 17:03:53,845] {dagbag.py:507} INFO - Filling up the DagBag from /opt/airflow/dags/get_market_over_view_dag.py
[2023-02-26 17:03:54,140] {processor.py:651} INFO - DAG(s) dict_keys(['get_market_overview']) retrieved from /opt/airflow/dags/get_market_over_view_dag.py
[2023-02-26 17:03:54,154] {logging_mixin.py:115} INFO - [2023-02-26 17:03:54,154] {dag.py:2371} INFO - Sync 1 DAGs
[2023-02-26 17:03:54,171] {logging_mixin.py:115} INFO - [2023-02-26 17:03:54,171] {dag.py:2919} INFO - Setting next_dagrun for get_market_overview to 2023-02-25T08:05:00+00:00, run_after=2023-02-27T05:05:00+00:00
[2023-02-26 17:03:54,183] {processor.py:161} INFO - Processing /opt/airflow/dags/get_market_over_view_dag.py took 0.340 seconds
