[2023-02-28 08:05:00,553] {taskinstance.py:1159} INFO - Dependencies all met for <TaskInstance: get_market_overview.push_market_overview scheduled__2023-02-28T05:05:00+00:00 [queued]>
[2023-02-28 08:05:00,563] {taskinstance.py:1159} INFO - Dependencies all met for <TaskInstance: get_market_overview.push_market_overview scheduled__2023-02-28T05:05:00+00:00 [queued]>
[2023-02-28 08:05:00,563] {taskinstance.py:1356} INFO - 
--------------------------------------------------------------------------------
[2023-02-28 08:05:00,563] {taskinstance.py:1357} INFO - Starting attempt 1 of 1
[2023-02-28 08:05:00,563] {taskinstance.py:1358} INFO - 
--------------------------------------------------------------------------------
[2023-02-28 08:05:00,577] {taskinstance.py:1377} INFO - Executing <Task(PythonOperator): push_market_overview> on 2023-02-28 05:05:00+00:00
[2023-02-28 08:05:00,582] {standard_task_runner.py:52} INFO - Started process 46706 to run task
[2023-02-28 08:05:00,584] {standard_task_runner.py:79} INFO - Running: ['***', 'tasks', 'run', 'get_market_overview', 'push_market_overview', 'scheduled__2023-02-28T05:05:00+00:00', '--job-id', '13', '--raw', '--subdir', 'DAGS_FOLDER/get_market_over_view_dag.py', '--cfg-path', '/tmp/tmp91xsavnu', '--error-file', '/tmp/tmpm98jnzok']
[2023-02-28 08:05:00,585] {standard_task_runner.py:80} INFO - Job 13: Subtask push_market_overview
[2023-02-28 08:05:00,632] {task_command.py:369} INFO - Running <TaskInstance: get_market_overview.push_market_overview scheduled__2023-02-28T05:05:00+00:00 [running]> on host 5b61798a1106
[2023-02-28 08:05:00,700] {taskinstance.py:1571} INFO - Exporting the following env vars:
AIRFLOW_CTX_DAG_OWNER=***
AIRFLOW_CTX_DAG_ID=get_market_overview
AIRFLOW_CTX_TASK_ID=push_market_overview
AIRFLOW_CTX_EXECUTION_DATE=2023-02-28T05:05:00+00:00
AIRFLOW_CTX_TRY_NUMBER=1
AIRFLOW_CTX_DAG_RUN_ID=scheduled__2023-02-28T05:05:00+00:00
[2023-02-28 08:05:08,301] {logging_mixin.py:115} INFO - DONE!!!
[2023-02-28 08:05:08,302] {python.py:173} INFO - Done. Returned value was: None
[2023-02-28 08:05:08,317] {taskinstance.py:1400} INFO - Marking task as SUCCESS. dag_id=get_market_overview, task_id=push_market_overview, execution_date=20230228T050500, start_date=20230228T080500, end_date=20230228T080508
[2023-02-28 08:05:08,360] {local_task_job.py:156} INFO - Task exited with return code 0
[2023-02-28 08:05:08,389] {local_task_job.py:273} INFO - 0 downstream tasks scheduled from follow-on schedule check
