[2023-02-23 11:57:16,504] {taskinstance.py:1159} INFO - Dependencies all met for <TaskInstance: get_market_overview.push_market_overview scheduled__2023-01-28T17:00:00+00:00 [queued]>
[2023-02-23 11:57:16,529] {taskinstance.py:1159} INFO - Dependencies all met for <TaskInstance: get_market_overview.push_market_overview scheduled__2023-01-28T17:00:00+00:00 [queued]>
[2023-02-23 11:57:16,529] {taskinstance.py:1356} INFO - 
--------------------------------------------------------------------------------
[2023-02-23 11:57:16,530] {taskinstance.py:1357} INFO - Starting attempt 1 of 1
[2023-02-23 11:57:16,530] {taskinstance.py:1358} INFO - 
--------------------------------------------------------------------------------
[2023-02-23 11:57:16,574] {taskinstance.py:1377} INFO - Executing <Task(PythonOperator): push_market_overview> on 2023-01-28 17:00:00+00:00
[2023-02-23 11:57:16,586] {standard_task_runner.py:52} INFO - Started process 712 to run task
[2023-02-23 11:57:16,595] {standard_task_runner.py:79} INFO - Running: ['***', 'tasks', 'run', 'get_market_overview', 'push_market_overview', 'scheduled__2023-01-28T17:00:00+00:00', '--job-id', '22', '--raw', '--subdir', 'DAGS_FOLDER/get_market_over_view_dag.py', '--cfg-path', '/tmp/tmptffiangu', '--error-file', '/tmp/tmpuycjvmc0']
[2023-02-23 11:57:16,596] {standard_task_runner.py:80} INFO - Job 22: Subtask push_market_overview
[2023-02-23 11:57:16,729] {task_command.py:369} INFO - Running <TaskInstance: get_market_overview.push_market_overview scheduled__2023-01-28T17:00:00+00:00 [running]> on host 003d565768d2
[2023-02-23 11:57:16,890] {taskinstance.py:1571} INFO - Exporting the following env vars:
AIRFLOW_CTX_DAG_OWNER=***
AIRFLOW_CTX_DAG_ID=get_market_overview
AIRFLOW_CTX_TASK_ID=push_market_overview
AIRFLOW_CTX_EXECUTION_DATE=2023-01-28T17:00:00+00:00
AIRFLOW_CTX_TRY_NUMBER=1
AIRFLOW_CTX_DAG_RUN_ID=scheduled__2023-01-28T17:00:00+00:00
[2023-02-23 11:57:17,716] {logging_mixin.py:115} INFO - (1062, "Duplicate entry '2023-02-23 00:00:00-VN-INDEX' for key 'market_overview.PRIMARY'")
[2023-02-23 11:57:27,043] {logging_mixin.py:115} INFO - DONE!!!
[2023-02-23 11:57:27,043] {python.py:173} INFO - Done. Returned value was: None
[2023-02-23 11:57:27,070] {taskinstance.py:1400} INFO - Marking task as SUCCESS. dag_id=get_market_overview, task_id=push_market_overview, execution_date=20230128T170000, start_date=20230223T115716, end_date=20230223T115727
[2023-02-23 11:57:27,109] {local_task_job.py:156} INFO - Task exited with return code 0
[2023-02-23 11:57:27,138] {local_task_job.py:273} INFO - 0 downstream tasks scheduled from follow-on schedule check
