[2023-02-23 11:57:17,759] {taskinstance.py:1159} INFO - Dependencies all met for <TaskInstance: get_market_overview.push_market_overview scheduled__2023-02-01T17:00:00+00:00 [queued]>
[2023-02-23 11:57:17,780] {taskinstance.py:1159} INFO - Dependencies all met for <TaskInstance: get_market_overview.push_market_overview scheduled__2023-02-01T17:00:00+00:00 [queued]>
[2023-02-23 11:57:17,780] {taskinstance.py:1356} INFO - 
--------------------------------------------------------------------------------
[2023-02-23 11:57:17,780] {taskinstance.py:1357} INFO - Starting attempt 1 of 1
[2023-02-23 11:57:17,780] {taskinstance.py:1358} INFO - 
--------------------------------------------------------------------------------
[2023-02-23 11:57:17,815] {taskinstance.py:1377} INFO - Executing <Task(PythonOperator): push_market_overview> on 2023-02-01 17:00:00+00:00
[2023-02-23 11:57:17,823] {standard_task_runner.py:52} INFO - Started process 721 to run task
[2023-02-23 11:57:17,828] {standard_task_runner.py:79} INFO - Running: ['***', 'tasks', 'run', 'get_market_overview', 'push_market_overview', 'scheduled__2023-02-01T17:00:00+00:00', '--job-id', '26', '--raw', '--subdir', 'DAGS_FOLDER/get_market_over_view_dag.py', '--cfg-path', '/tmp/tmp3me9byt2', '--error-file', '/tmp/tmpgck0zic_']
[2023-02-23 11:57:17,830] {standard_task_runner.py:80} INFO - Job 26: Subtask push_market_overview
[2023-02-23 11:57:17,937] {task_command.py:369} INFO - Running <TaskInstance: get_market_overview.push_market_overview scheduled__2023-02-01T17:00:00+00:00 [running]> on host 003d565768d2
[2023-02-23 11:57:18,100] {taskinstance.py:1571} INFO - Exporting the following env vars:
AIRFLOW_CTX_DAG_OWNER=***
AIRFLOW_CTX_DAG_ID=get_market_overview
AIRFLOW_CTX_TASK_ID=push_market_overview
AIRFLOW_CTX_EXECUTION_DATE=2023-02-01T17:00:00+00:00
AIRFLOW_CTX_TRY_NUMBER=1
AIRFLOW_CTX_DAG_RUN_ID=scheduled__2023-02-01T17:00:00+00:00
[2023-02-23 11:57:18,831] {logging_mixin.py:115} INFO - (1062, "Duplicate entry '2023-02-23 00:00:00-VN-INDEX' for key 'market_overview.PRIMARY'")
[2023-02-23 11:57:19,079] {logging_mixin.py:115} INFO - (1062, "Duplicate entry '2023-02-23 00:00:00-HNX-INDEX' for key 'market_overview.PRIMARY'")
[2023-02-23 11:57:19,424] {logging_mixin.py:115} INFO - (1062, "Duplicate entry '2023-02-23 00:00:00-Dow Jones' for key 'market_overview.PRIMARY'")
[2023-02-23 11:57:19,695] {logging_mixin.py:115} INFO - (1062, "Duplicate entry '2023-02-23 00:00:00-DAX' for key 'market_overview.PRIMARY'")
[2023-02-23 11:57:20,008] {logging_mixin.py:115} INFO - (1062, "Duplicate entry '2023-02-23 00:00:00-FTSE 100' for key 'market_overview.PRIMARY'")
[2023-02-23 11:57:20,305] {logging_mixin.py:115} INFO - (1062, "Duplicate entry '2023-02-23 00:00:00-NI225' for key 'market_overview.PRIMARY'")
[2023-02-23 11:57:20,661] {logging_mixin.py:115} INFO - (1062, "Duplicate entry '2023-02-23 00:00:00-KOSPI' for key 'market_overview.PRIMARY'")
[2023-02-23 11:57:23,240] {logging_mixin.py:115} INFO - (1062, "Duplicate entry '2023-02-23 00:00:00-Crude Oil (USD/lb)' for key 'market_overview.PRIMARY'")
[2023-02-23 11:57:23,879] {logging_mixin.py:115} INFO - (1062, "Duplicate entry '2023-02-23 00:00:00-Gold (USD/t oz)' for key 'market_overview.PRIMARY'")
[2023-02-23 11:57:24,245] {logging_mixin.py:115} INFO - (1062, "Duplicate entry '2023-02-23 00:00:00-Natural Gas (USD/Mmbtu)' for key 'market_overview.PRIMARY'")
[2023-02-23 11:57:24,527] {logging_mixin.py:115} INFO - (1062, "Duplicate entry '2023-02-23 00:00:00-Steel (USD/lb)' for key 'market_overview.PRIMARY'")
[2023-02-23 11:57:24,851] {logging_mixin.py:115} INFO - (1062, "Duplicate entry '2023-02-23 00:00:00-Coal (USD/lb)' for key 'market_overview.PRIMARY'")
[2023-02-23 11:57:25,308] {logging_mixin.py:115} INFO - (1062, "Duplicate entry '2023-02-23 00:00:00-Rubber (SGD/kg)' for key 'market_overview.PRIMARY'")
[2023-02-23 11:57:25,658] {logging_mixin.py:115} INFO - (1062, "Duplicate entry '2023-02-23 00:00:00-Sugar (USD/lb)' for key 'market_overview.PRIMARY'")
[2023-02-23 11:57:25,961] {logging_mixin.py:115} INFO - (1062, "Duplicate entry '2023-02-23 00:00:00-Cotton (USD/lb)' for key 'market_overview.PRIMARY'")
[2023-02-23 11:57:26,472] {logging_mixin.py:115} INFO - (1062, "Duplicate entry '2023-02-23 00:00:00-Bitcoin' for key 'market_overview.PRIMARY'")
[2023-02-23 11:57:26,723] {logging_mixin.py:115} INFO - (1062, "Duplicate entry '2023-02-23 00:00:00-Dollar Index' for key 'market_overview.PRIMARY'")
[2023-02-23 11:57:26,984] {logging_mixin.py:115} INFO - (1062, "Duplicate entry '2023-02-23 00:00:00-USD/VND' for key 'market_overview.PRIMARY'")
[2023-02-23 11:57:27,265] {logging_mixin.py:115} INFO - (1062, "Duplicate entry '2023-02-23 00:00:00-USD/CNY' for key 'market_overview.PRIMARY'")
[2023-02-23 11:57:27,745] {logging_mixin.py:115} INFO - (1062, "Duplicate entry '2023-02-23 00:00:00-EUR/USD' for key 'market_overview.PRIMARY'")
[2023-02-23 11:57:28,080] {logging_mixin.py:115} INFO - (1062, "Duplicate entry '2023-02-23 00:00:00-USD/RUB' for key 'market_overview.PRIMARY'")
[2023-02-23 11:57:28,382] {logging_mixin.py:115} INFO - (1062, "Duplicate entry '2023-02-23 00:00:00-GBP/USD' for key 'market_overview.PRIMARY'")
[2023-02-23 11:57:28,628] {logging_mixin.py:115} INFO - (1062, "Duplicate entry '2023-02-23 00:00:00-USD/JPY' for key 'market_overview.PRIMARY'")
[2023-02-23 11:57:28,628] {logging_mixin.py:115} INFO - DONE!!!
[2023-02-23 11:57:28,629] {python.py:173} INFO - Done. Returned value was: None
[2023-02-23 11:57:28,644] {taskinstance.py:1400} INFO - Marking task as SUCCESS. dag_id=get_market_overview, task_id=push_market_overview, execution_date=20230201T170000, start_date=20230223T115717, end_date=20230223T115728
[2023-02-23 11:57:28,687] {local_task_job.py:156} INFO - Task exited with return code 0
[2023-02-23 11:57:28,723] {local_task_job.py:273} INFO - 0 downstream tasks scheduled from follow-on schedule check
