[2023-02-23 11:57:31,533] {taskinstance.py:1159} INFO - Dependencies all met for <TaskInstance: get_market_overview.push_market_overview scheduled__2023-02-04T17:00:00+00:00 [queued]>
[2023-02-23 11:57:31,572] {taskinstance.py:1159} INFO - Dependencies all met for <TaskInstance: get_market_overview.push_market_overview scheduled__2023-02-04T17:00:00+00:00 [queued]>
[2023-02-23 11:57:31,572] {taskinstance.py:1356} INFO - 
--------------------------------------------------------------------------------
[2023-02-23 11:57:31,573] {taskinstance.py:1357} INFO - Starting attempt 1 of 1
[2023-02-23 11:57:31,573] {taskinstance.py:1358} INFO - 
--------------------------------------------------------------------------------
[2023-02-23 11:57:31,619] {taskinstance.py:1377} INFO - Executing <Task(PythonOperator): push_market_overview> on 2023-02-04 17:00:00+00:00
[2023-02-23 11:57:31,637] {standard_task_runner.py:52} INFO - Started process 733 to run task
[2023-02-23 11:57:31,649] {standard_task_runner.py:79} INFO - Running: ['***', 'tasks', 'run', 'get_market_overview', 'push_market_overview', 'scheduled__2023-02-04T17:00:00+00:00', '--job-id', '29', '--raw', '--subdir', 'DAGS_FOLDER/get_market_over_view_dag.py', '--cfg-path', '/tmp/tmpiw32zgad', '--error-file', '/tmp/tmp82jdhatt']
[2023-02-23 11:57:31,651] {standard_task_runner.py:80} INFO - Job 29: Subtask push_market_overview
[2023-02-23 11:57:31,850] {task_command.py:369} INFO - Running <TaskInstance: get_market_overview.push_market_overview scheduled__2023-02-04T17:00:00+00:00 [running]> on host 003d565768d2
[2023-02-23 11:57:32,076] {taskinstance.py:1571} INFO - Exporting the following env vars:
AIRFLOW_CTX_DAG_OWNER=***
AIRFLOW_CTX_DAG_ID=get_market_overview
AIRFLOW_CTX_TASK_ID=push_market_overview
AIRFLOW_CTX_EXECUTION_DATE=2023-02-04T17:00:00+00:00
AIRFLOW_CTX_TRY_NUMBER=1
AIRFLOW_CTX_DAG_RUN_ID=scheduled__2023-02-04T17:00:00+00:00
[2023-02-23 11:57:44,780] {logging_mixin.py:115} INFO - DONE!!!
[2023-02-23 11:57:44,782] {python.py:173} INFO - Done. Returned value was: None
[2023-02-23 11:57:44,803] {taskinstance.py:1400} INFO - Marking task as SUCCESS. dag_id=get_market_overview, task_id=push_market_overview, execution_date=20230204T170000, start_date=20230223T115731, end_date=20230223T115744
[2023-02-23 11:57:44,855] {local_task_job.py:156} INFO - Task exited with return code 0
[2023-02-23 11:57:44,886] {local_task_job.py:273} INFO - 0 downstream tasks scheduled from follow-on schedule check
