[2023-02-23 11:57:49,809] {taskinstance.py:1159} INFO - Dependencies all met for <TaskInstance: get_market_overview.push_market_overview scheduled__2023-02-14T17:00:00+00:00 [queued]>
[2023-02-23 11:57:49,826] {taskinstance.py:1159} INFO - Dependencies all met for <TaskInstance: get_market_overview.push_market_overview scheduled__2023-02-14T17:00:00+00:00 [queued]>
[2023-02-23 11:57:49,826] {taskinstance.py:1356} INFO - 
--------------------------------------------------------------------------------
[2023-02-23 11:57:49,827] {taskinstance.py:1357} INFO - Starting attempt 1 of 1
[2023-02-23 11:57:49,827] {taskinstance.py:1358} INFO - 
--------------------------------------------------------------------------------
[2023-02-23 11:57:49,860] {taskinstance.py:1377} INFO - Executing <Task(PythonOperator): push_market_overview> on 2023-02-14 17:00:00+00:00
[2023-02-23 11:57:49,869] {standard_task_runner.py:52} INFO - Started process 769 to run task
[2023-02-23 11:57:49,877] {standard_task_runner.py:79} INFO - Running: ['***', 'tasks', 'run', 'get_market_overview', 'push_market_overview', 'scheduled__2023-02-14T17:00:00+00:00', '--job-id', '39', '--raw', '--subdir', 'DAGS_FOLDER/get_market_over_view_dag.py', '--cfg-path', '/tmp/tmpjzrxl12y', '--error-file', '/tmp/tmptow2k_l7']
[2023-02-23 11:57:49,878] {standard_task_runner.py:80} INFO - Job 39: Subtask push_market_overview
[2023-02-23 11:57:49,975] {task_command.py:369} INFO - Running <TaskInstance: get_market_overview.push_market_overview scheduled__2023-02-14T17:00:00+00:00 [running]> on host 003d565768d2
[2023-02-23 11:57:50,136] {taskinstance.py:1571} INFO - Exporting the following env vars:
AIRFLOW_CTX_DAG_OWNER=***
AIRFLOW_CTX_DAG_ID=get_market_overview
AIRFLOW_CTX_TASK_ID=push_market_overview
AIRFLOW_CTX_EXECUTION_DATE=2023-02-14T17:00:00+00:00
AIRFLOW_CTX_TRY_NUMBER=1
AIRFLOW_CTX_DAG_RUN_ID=scheduled__2023-02-14T17:00:00+00:00
[2023-02-23 11:57:57,872] {logging_mixin.py:115} INFO - (1062, "Duplicate entry '2023-02-23 00:00:00-Crude Oil (USD/lb)' for key 'market_overview.PRIMARY'")
[2023-02-23 11:58:11,932] {logging_mixin.py:115} INFO - DONE!!!
[2023-02-23 11:58:11,932] {python.py:173} INFO - Done. Returned value was: None
[2023-02-23 11:58:11,942] {taskinstance.py:1400} INFO - Marking task as SUCCESS. dag_id=get_market_overview, task_id=push_market_overview, execution_date=20230214T170000, start_date=20230223T115749, end_date=20230223T115811
[2023-02-23 11:58:11,989] {local_task_job.py:156} INFO - Task exited with return code 0
[2023-02-23 11:58:12,014] {local_task_job.py:273} INFO - 0 downstream tasks scheduled from follow-on schedule check
