[2023-02-23 11:57:50,579] {taskinstance.py:1159} INFO - Dependencies all met for <TaskInstance: get_market_overview.push_market_overview scheduled__2023-02-18T17:00:00+00:00 [queued]>
[2023-02-23 11:57:50,598] {taskinstance.py:1159} INFO - Dependencies all met for <TaskInstance: get_market_overview.push_market_overview scheduled__2023-02-18T17:00:00+00:00 [queued]>
[2023-02-23 11:57:50,598] {taskinstance.py:1356} INFO - 
--------------------------------------------------------------------------------
[2023-02-23 11:57:50,599] {taskinstance.py:1357} INFO - Starting attempt 1 of 1
[2023-02-23 11:57:50,599] {taskinstance.py:1358} INFO - 
--------------------------------------------------------------------------------
[2023-02-23 11:57:50,626] {taskinstance.py:1377} INFO - Executing <Task(PythonOperator): push_market_overview> on 2023-02-18 17:00:00+00:00
[2023-02-23 11:57:50,634] {standard_task_runner.py:52} INFO - Started process 779 to run task
[2023-02-23 11:57:50,638] {standard_task_runner.py:79} INFO - Running: ['***', 'tasks', 'run', 'get_market_overview', 'push_market_overview', 'scheduled__2023-02-18T17:00:00+00:00', '--job-id', '43', '--raw', '--subdir', 'DAGS_FOLDER/get_market_over_view_dag.py', '--cfg-path', '/tmp/tmp9lognfoa', '--error-file', '/tmp/tmpskc5oza7']
[2023-02-23 11:57:50,638] {standard_task_runner.py:80} INFO - Job 43: Subtask push_market_overview
[2023-02-23 11:57:50,712] {task_command.py:369} INFO - Running <TaskInstance: get_market_overview.push_market_overview scheduled__2023-02-18T17:00:00+00:00 [running]> on host 003d565768d2
[2023-02-23 11:57:50,830] {taskinstance.py:1571} INFO - Exporting the following env vars:
AIRFLOW_CTX_DAG_OWNER=***
AIRFLOW_CTX_DAG_ID=get_market_overview
AIRFLOW_CTX_TASK_ID=push_market_overview
AIRFLOW_CTX_EXECUTION_DATE=2023-02-18T17:00:00+00:00
AIRFLOW_CTX_TRY_NUMBER=1
AIRFLOW_CTX_DAG_RUN_ID=scheduled__2023-02-18T17:00:00+00:00
[2023-02-23 11:57:52,721] {logging_mixin.py:115} INFO - (1062, "Duplicate entry '2023-02-23 00:00:00-HNX-INDEX' for key 'market_overview.PRIMARY'")
[2023-02-23 11:57:53,936] {logging_mixin.py:115} INFO - (1062, "Duplicate entry '2023-02-23 00:00:00-Dow Jones' for key 'market_overview.PRIMARY'")
[2023-02-23 11:57:55,680] {logging_mixin.py:115} INFO - (1062, "Duplicate entry '2023-02-23 00:00:00-DAX' for key 'market_overview.PRIMARY'")
[2023-02-23 11:57:56,081] {logging_mixin.py:115} INFO - (1062, "Duplicate entry '2023-02-23 00:00:00-FTSE 100' for key 'market_overview.PRIMARY'")
[2023-02-23 11:57:57,872] {logging_mixin.py:115} INFO - (1062, "Duplicate entry '2023-02-23 00:00:00-NI225' for key 'market_overview.PRIMARY'")
[2023-02-23 11:57:58,444] {logging_mixin.py:115} INFO - (1062, "Duplicate entry '2023-02-23 00:00:00-KOSPI' for key 'market_overview.PRIMARY'")
[2023-02-23 11:58:00,251] {logging_mixin.py:115} INFO - (1062, "Duplicate entry '2023-02-23 00:00:00-Shanghai' for key 'market_overview.PRIMARY'")
[2023-02-23 11:58:02,420] {logging_mixin.py:115} INFO - (1062, "Duplicate entry '2023-02-23 00:00:00-Natural Gas (USD/Mmbtu)' for key 'market_overview.PRIMARY'")
[2023-02-23 11:58:08,074] {logging_mixin.py:115} INFO - (1062, "Duplicate entry '2023-02-23 00:00:00-Steel (USD/lb)' for key 'market_overview.PRIMARY'")
[2023-02-23 11:58:08,757] {logging_mixin.py:115} INFO - (1062, "Duplicate entry '2023-02-23 00:00:00-Coal (USD/lb)' for key 'market_overview.PRIMARY'")
[2023-02-23 11:58:09,429] {logging_mixin.py:115} INFO - (1062, "Duplicate entry '2023-02-23 00:00:00-Rubber (SGD/kg)' for key 'market_overview.PRIMARY'")
[2023-02-23 11:58:09,966] {logging_mixin.py:115} INFO - (1062, "Duplicate entry '2023-02-23 00:00:00-Sugar (USD/lb)' for key 'market_overview.PRIMARY'")
[2023-02-23 11:58:10,869] {logging_mixin.py:115} INFO - (1062, "Duplicate entry '2023-02-23 00:00:00-Cotton (USD/lb)' for key 'market_overview.PRIMARY'")
[2023-02-23 11:58:11,574] {logging_mixin.py:115} INFO - (1062, "Duplicate entry '2023-02-23 00:00:00-Bitcoin' for key 'market_overview.PRIMARY'")
[2023-02-23 11:58:11,860] {logging_mixin.py:115} INFO - (1062, "Duplicate entry '2023-02-23 00:00:00-Dollar Index' for key 'market_overview.PRIMARY'")
[2023-02-23 11:58:12,501] {logging_mixin.py:115} INFO - (1062, "Duplicate entry '2023-02-23 00:00:00-USD/CNY' for key 'market_overview.PRIMARY'")
[2023-02-23 11:58:12,858] {logging_mixin.py:115} INFO - (1062, "Duplicate entry '2023-02-23 00:00:00-EUR/USD' for key 'market_overview.PRIMARY'")
[2023-02-23 11:58:13,209] {logging_mixin.py:115} INFO - (1062, "Duplicate entry '2023-02-23 00:00:00-USD/RUB' for key 'market_overview.PRIMARY'")
[2023-02-23 11:58:13,641] {logging_mixin.py:115} INFO - (1062, "Duplicate entry '2023-02-23 00:00:00-GBP/USD' for key 'market_overview.PRIMARY'")
[2023-02-23 11:58:14,009] {logging_mixin.py:115} INFO - (1062, "Duplicate entry '2023-02-23 00:00:00-USD/JPY' for key 'market_overview.PRIMARY'")
[2023-02-23 11:58:14,010] {logging_mixin.py:115} INFO - DONE!!!
[2023-02-23 11:58:14,010] {python.py:173} INFO - Done. Returned value was: None
[2023-02-23 11:58:14,058] {taskinstance.py:1400} INFO - Marking task as SUCCESS. dag_id=get_market_overview, task_id=push_market_overview, execution_date=20230218T170000, start_date=20230223T115750, end_date=20230223T115814
[2023-02-23 11:58:14,083] {local_task_job.py:156} INFO - Task exited with return code 0
[2023-02-23 11:58:14,104] {local_task_job.py:273} INFO - 0 downstream tasks scheduled from follow-on schedule check
