[2023-02-23 11:57:51,002] {taskinstance.py:1159} INFO - Dependencies all met for <TaskInstance: get_market_overview.push_market_overview scheduled__2023-02-20T17:00:00+00:00 [queued]>
[2023-02-23 11:57:51,017] {taskinstance.py:1159} INFO - Dependencies all met for <TaskInstance: get_market_overview.push_market_overview scheduled__2023-02-20T17:00:00+00:00 [queued]>
[2023-02-23 11:57:51,017] {taskinstance.py:1356} INFO - 
--------------------------------------------------------------------------------
[2023-02-23 11:57:51,017] {taskinstance.py:1357} INFO - Starting attempt 1 of 1
[2023-02-23 11:57:51,017] {taskinstance.py:1358} INFO - 
--------------------------------------------------------------------------------
[2023-02-23 11:57:51,039] {taskinstance.py:1377} INFO - Executing <Task(PythonOperator): push_market_overview> on 2023-02-20 17:00:00+00:00
[2023-02-23 11:57:51,046] {standard_task_runner.py:52} INFO - Started process 782 to run task
[2023-02-23 11:57:51,049] {standard_task_runner.py:79} INFO - Running: ['***', 'tasks', 'run', 'get_market_overview', 'push_market_overview', 'scheduled__2023-02-20T17:00:00+00:00', '--job-id', '45', '--raw', '--subdir', 'DAGS_FOLDER/get_market_over_view_dag.py', '--cfg-path', '/tmp/tmpnz0a_lx2', '--error-file', '/tmp/tmppkbhvpw0']
[2023-02-23 11:57:51,050] {standard_task_runner.py:80} INFO - Job 45: Subtask push_market_overview
[2023-02-23 11:57:51,112] {task_command.py:369} INFO - Running <TaskInstance: get_market_overview.push_market_overview scheduled__2023-02-20T17:00:00+00:00 [running]> on host 003d565768d2
[2023-02-23 11:57:51,199] {taskinstance.py:1571} INFO - Exporting the following env vars:
AIRFLOW_CTX_DAG_OWNER=***
AIRFLOW_CTX_DAG_ID=get_market_overview
AIRFLOW_CTX_TASK_ID=push_market_overview
AIRFLOW_CTX_EXECUTION_DATE=2023-02-20T17:00:00+00:00
AIRFLOW_CTX_TRY_NUMBER=1
AIRFLOW_CTX_DAG_RUN_ID=scheduled__2023-02-20T17:00:00+00:00
[2023-02-23 11:57:52,012] {logging_mixin.py:115} INFO - (1213, 'Deadlock found when trying to get lock; try restarting transaction')
[2023-02-23 11:57:52,084] {logging_mixin.py:115} INFO - (1062, "Duplicate entry '2023-02-23 00:00:00-VN-INDEX' for key 'market_overview.PRIMARY'")
[2023-02-23 11:58:00,251] {logging_mixin.py:115} INFO - (1062, "Duplicate entry '2023-02-23 00:00:00-Shanghai' for key 'market_overview.PRIMARY'")
[2023-02-23 11:58:00,931] {logging_mixin.py:115} INFO - (1062, "Duplicate entry '2023-02-23 00:00:00-Crude Oil (USD/lb)' for key 'market_overview.PRIMARY'")
[2023-02-23 11:58:01,819] {logging_mixin.py:115} INFO - (1062, "Duplicate entry '2023-02-23 00:00:00-Gold (USD/t oz)' for key 'market_overview.PRIMARY'")
[2023-02-23 11:58:12,195] {logging_mixin.py:115} INFO - (1062, "Duplicate entry '2023-02-23 00:00:00-USD/VND' for key 'market_overview.PRIMARY'")
[2023-02-23 11:58:14,010] {logging_mixin.py:115} INFO - DONE!!!
[2023-02-23 11:58:14,010] {python.py:173} INFO - Done. Returned value was: None
[2023-02-23 11:58:14,058] {taskinstance.py:1400} INFO - Marking task as SUCCESS. dag_id=get_market_overview, task_id=push_market_overview, execution_date=20230220T170000, start_date=20230223T115751, end_date=20230223T115814
[2023-02-23 11:58:14,114] {local_task_job.py:156} INFO - Task exited with return code 0
[2023-02-23 11:58:14,138] {local_task_job.py:273} INFO - 0 downstream tasks scheduled from follow-on schedule check
