[2023-02-23 11:57:00,013] {taskinstance.py:1159} INFO - Dependencies all met for <TaskInstance: get_market_overview.push_market_overview scheduled__2023-01-15T17:00:00+00:00 [queued]>
[2023-02-23 11:57:00,071] {taskinstance.py:1159} INFO - Dependencies all met for <TaskInstance: get_market_overview.push_market_overview scheduled__2023-01-15T17:00:00+00:00 [queued]>
[2023-02-23 11:57:00,072] {taskinstance.py:1356} INFO - 
--------------------------------------------------------------------------------
[2023-02-23 11:57:00,072] {taskinstance.py:1357} INFO - Starting attempt 1 of 1
[2023-02-23 11:57:00,072] {taskinstance.py:1358} INFO - 
--------------------------------------------------------------------------------
[2023-02-23 11:57:00,192] {taskinstance.py:1377} INFO - Executing <Task(PythonOperator): push_market_overview> on 2023-01-15 17:00:00+00:00
[2023-02-23 11:57:00,204] {standard_task_runner.py:52} INFO - Started process 670 to run task
[2023-02-23 11:57:00,218] {standard_task_runner.py:79} INFO - Running: ['***', 'tasks', 'run', 'get_market_overview', 'push_market_overview', 'scheduled__2023-01-15T17:00:00+00:00', '--job-id', '10', '--raw', '--subdir', 'DAGS_FOLDER/get_market_over_view_dag.py', '--cfg-path', '/tmp/tmp3rmme0y1', '--error-file', '/tmp/tmpqond44ui']
[2023-02-23 11:57:00,221] {standard_task_runner.py:80} INFO - Job 10: Subtask push_market_overview
[2023-02-23 11:57:00,535] {task_command.py:369} INFO - Running <TaskInstance: get_market_overview.push_market_overview scheduled__2023-01-15T17:00:00+00:00 [running]> on host 003d565768d2
[2023-02-23 11:57:00,848] {taskinstance.py:1571} INFO - Exporting the following env vars:
AIRFLOW_CTX_DAG_OWNER=***
AIRFLOW_CTX_DAG_ID=get_market_overview
AIRFLOW_CTX_TASK_ID=push_market_overview
AIRFLOW_CTX_EXECUTION_DATE=2023-01-15T17:00:00+00:00
AIRFLOW_CTX_TRY_NUMBER=1
AIRFLOW_CTX_DAG_RUN_ID=scheduled__2023-01-15T17:00:00+00:00
[2023-02-23 11:57:02,060] {logging_mixin.py:115} INFO - (1062, "Duplicate entry '2023-02-23 00:00:00-VN-INDEX' for key 'market_overview.PRIMARY'")
[2023-02-23 11:57:02,311] {logging_mixin.py:115} INFO - (1062, "Duplicate entry '2023-02-23 00:00:00-HNX-INDEX' for key 'market_overview.PRIMARY'")
[2023-02-23 11:57:02,557] {logging_mixin.py:115} INFO - (1062, "Duplicate entry '2023-02-23 00:00:00-Dow Jones' for key 'market_overview.PRIMARY'")
[2023-02-23 11:57:03,363] {logging_mixin.py:115} INFO - (1062, "Duplicate entry '2023-02-23 00:00:00-NI225' for key 'market_overview.PRIMARY'")
[2023-02-23 11:57:03,613] {logging_mixin.py:115} INFO - (1062, "Duplicate entry '2023-02-23 00:00:00-KOSPI' for key 'market_overview.PRIMARY'")
[2023-02-23 11:57:04,948] {logging_mixin.py:115} INFO - (1062, "Duplicate entry '2023-02-23 00:00:00-Natural Gas (USD/Mmbtu)' for key 'market_overview.PRIMARY'")
[2023-02-23 11:57:05,236] {logging_mixin.py:115} INFO - (1062, "Duplicate entry '2023-02-23 00:00:00-Steel (USD/lb)' for key 'market_overview.PRIMARY'")
[2023-02-23 11:57:05,506] {logging_mixin.py:115} INFO - (1062, "Duplicate entry '2023-02-23 00:00:00-Coal (USD/lb)' for key 'market_overview.PRIMARY'")
[2023-02-23 11:57:05,752] {logging_mixin.py:115} INFO - (1062, "Duplicate entry '2023-02-23 00:00:00-Rubber (SGD/kg)' for key 'market_overview.PRIMARY'")
[2023-02-23 11:57:05,994] {logging_mixin.py:115} INFO - (1062, "Duplicate entry '2023-02-23 00:00:00-Sugar (USD/lb)' for key 'market_overview.PRIMARY'")
[2023-02-23 11:57:07,814] {logging_mixin.py:115} INFO - (1062, "Duplicate entry '2023-02-23 00:00:00-EUR/USD' for key 'market_overview.PRIMARY'")
[2023-02-23 11:57:08,637] {logging_mixin.py:115} INFO - (1062, "Duplicate entry '2023-02-23 00:00:00-USD/JPY' for key 'market_overview.PRIMARY'")
[2023-02-23 11:57:08,637] {logging_mixin.py:115} INFO - DONE!!!
[2023-02-23 11:57:08,638] {python.py:173} INFO - Done. Returned value was: None
[2023-02-23 11:57:08,656] {taskinstance.py:1400} INFO - Marking task as SUCCESS. dag_id=get_market_overview, task_id=push_market_overview, execution_date=20230115T170000, start_date=20230223T115700, end_date=20230223T115708
[2023-02-23 11:57:08,705] {local_task_job.py:156} INFO - Task exited with return code 0
[2023-02-23 11:57:08,751] {local_task_job.py:273} INFO - 0 downstream tasks scheduled from follow-on schedule check
